{"C:\\Users\\Administrator\\Desktop\\Car-Rental-Management-System-main\\src\\index.ts": {"path":"C:\\Users\\Administrator\\Desktop\\Car-Rental-Management-System-main\\src\\index.ts","statementMap":{"0":{"start":{"line":1,"column":0},"end":{"line":1,"column":30}},"1":{"start":{"line":2,"column":0},"end":{"line":2,"column":37}},"2":{"start":{"line":3,"column":0},"end":{"line":3,"column":53}},"3":{"start":{"line":4,"column":0},"end":{"line":4,"column":50}},"4":{"start":{"line":5,"column":0},"end":{"line":5,"column":54}},"5":{"start":{"line":6,"column":0},"end":{"line":6,"column":46}},"6":{"start":{"line":7,"column":0},"end":{"line":7,"column":48}},"7":{"start":{"line":8,"column":0},"end":{"line":8,"column":44}},"8":{"start":{"line":9,"column":0},"end":{"line":9,"column":46}},"9":{"start":{"line":15,"column":22},"end":{"line":36,"column":1}},"10":{"start":{"line":16,"column":12},"end":{"line":16,"column":21}},"11":{"start":{"line":17,"column":0},"end":{"line":17,"column":24}},"12":{"start":{"line":22,"column":0},"end":{"line":22,"column":9}},"13":{"start":{"line":23,"column":0},"end":{"line":23,"column":17}},"14":{"start":{"line":24,"column":0},"end":{"line":24,"column":15}},"15":{"start":{"line":25,"column":0},"end":{"line":25,"column":17}},"16":{"start":{"line":26,"column":0},"end":{"line":26,"column":13}},"17":{"start":{"line":27,"column":0},"end":{"line":27,"column":14}},"18":{"start":{"line":28,"column":0},"end":{"line":28,"column":null}},"19":{"start":{"line":29,"column":0},"end":{"line":29,"column":13}},"20":{"start":{"line":31,"column":0},"end":{"line":33,"column":null}},"21":{"start":{"line":32,"column":4},"end":{"line":32,"column":61}},"22":{"start":{"line":35,"column":0},"end":{"line":35,"column":11}},"23":{"start":{"line":37,"column":12},"end":{"line":37,"column":27}},"24":{"start":{"line":38,"column":0},"end":{"line":38,"column":19}}},"fnMap":{"0":{"name":"(anonymous_1)","decl":{"start":{"line":15,"column":22},"end":{"line":15,"column":25}},"loc":{"start":{"line":15,"column":27},"end":{"line":36,"column":1}}},"1":{"name":"(anonymous_2)","decl":{"start":{"line":31,"column":13},"end":{"line":31,"column":14}},"loc":{"start":{"line":31,"column":27},"end":{"line":33,"column":1}}}},"branchMap":{},"s":{"0":1,"1":1,"2":1,"3":1,"4":1,"5":1,"6":1,"7":1,"8":1,"9":1,"10":1,"11":1,"12":1,"13":1,"14":1,"15":1,"16":1,"17":1,"18":1,"19":1,"20":1,"21":0,"22":1,"23":1,"24":1},"f":{"0":1,"1":0},"b":{}}
,"C:\\Users\\Administrator\\Desktop\\Car-Rental-Management-System-main\\src\\controllers\\auth.controller.ts": {"path":"C:\\Users\\Administrator\\Desktop\\Car-Rental-Management-System-main\\src\\controllers\\auth.controller.ts","statementMap":{"0":{"start":{"line":1,"column":0},"end":{"line":1,"column":30}},"1":{"start":{"line":3,"column":0},"end":{"line":3,"column":314}},"2":{"start":{"line":4,"column":0},"end":{"line":4,"column":31}},"3":{"start":{"line":5,"column":0},"end":{"line":5,"column":45}},"4":{"start":{"line":9,"column":42},"end":{"line":43,"column":1}},"5":{"start":{"line":10,"column":4},"end":{"line":42,"column":5}},"6":{"start":{"line":11,"column":25},"end":{"line":11,"column":33}},"7":{"start":{"line":12,"column":25},"end":{"line":12,"column":42}},"8":{"start":{"line":13,"column":31},"end":{"line":13,"column":66}},"9":{"start":{"line":14,"column":8},"end":{"line":14,"column":43}},"10":{"start":{"line":17,"column":33},"end":{"line":17,"column":87}},"11":{"start":{"line":18,"column":8},"end":{"line":18,"column":53}},"12":{"start":{"line":19,"column":8},"end":{"line":19,"column":36}},"13":{"start":{"line":21,"column":31},"end":{"line":21,"column":68}},"14":{"start":{"line":22,"column":8},"end":{"line":22,"column":null}},"15":{"start":{"line":22,"column":29},"end":{"line":22,"column":null}},"16":{"start":{"line":24,"column":10},"end":{"line":37,"column":9}},"17":{"start":{"line":25,"column":12},"end":{"line":34,"column":14}},"18":{"start":{"line":36,"column":12},"end":{"line":36,"column":76}},"19":{"start":{"line":39,"column":8},"end":{"line":39,"column":65}},"20":{"start":{"line":41,"column":8},"end":{"line":41,"column":62}},"21":{"start":{"line":9,"column":13},"end":{"line":9,"column":42}},"22":{"start":{"line":44,"column":40},"end":{"line":80,"column":1}},"23":{"start":{"line":45,"column":28},"end":{"line":45,"column":36}},"24":{"start":{"line":46,"column":4},"end":{"line":79,"column":5}},"25":{"start":{"line":47,"column":25},"end":{"line":47,"column":63}},"26":{"start":{"line":48,"column":8},"end":{"line":50,"column":9}},"27":{"start":{"line":49,"column":12},"end":{"line":49,"column":75}},"28":{"start":{"line":52,"column":8},"end":{"line":75,"column":9}},"29":{"start":{"line":53,"column":12},"end":{"line":53,"column":47}},"30":{"start":{"line":56,"column":12},"end":{"line":71,"column":13}},"31":{"start":{"line":57,"column":16},"end":{"line":66,"column":null}},"32":{"start":{"line":69,"column":16},"end":{"line":69,"column":83}},"33":{"start":{"line":72,"column":12},"end":{"line":72,"column":83}},"34":{"start":{"line":74,"column":12},"end":{"line":74,"column":82}},"35":{"start":{"line":77,"column":8},"end":{"line":77,"column":62}},"36":{"start":{"line":44,"column":13},"end":{"line":44,"column":40}},"37":{"start":{"line":82,"column":39},"end":{"line":149,"column":1}},"38":{"start":{"line":83,"column":4},"end":{"line":146,"column":5}},"39":{"start":{"line":84,"column":24},"end":{"line":84,"column":32}},"40":{"start":{"line":88,"column":30},"end":{"line":88,"column":66}},"41":{"start":{"line":89,"column":8},"end":{"line":91,"column":9}},"42":{"start":{"line":90,"column":12},"end":{"line":90,"column":75}},"43":{"start":{"line":93,"column":8},"end":{"line":95,"column":9}},"44":{"start":{"line":94,"column":8},"end":{"line":94,"column":74}},"45":{"start":{"line":97,"column":26},"end":{"line":97,"column":103}},"46":{"start":{"line":98,"column":8},"end":{"line":100,"column":9}},"47":{"start":{"line":99,"column":12},"end":{"line":99,"column":76}},"48":{"start":{"line":103,"column":24},"end":{"line":122,"column":null}},"49":{"start":{"line":125,"column":23},"end":{"line":125,"column":55}},"50":{"start":{"line":126,"column":8},"end":{"line":128,"column":9}},"51":{"start":{"line":127,"column":12},"end":{"line":127,"column":86}},"52":{"start":{"line":129,"column":22},"end":{"line":129,"column":47}},"53":{"start":{"line":132,"column":8},"end":{"line":142,"column":null}},"54":{"start":{"line":145,"column":8},"end":{"line":145,"column":62}},"55":{"start":{"line":82,"column":13},"end":{"line":82,"column":39}},"56":{"start":{"line":152,"column":37},"end":{"line":163,"column":1}},"57":{"start":{"line":153,"column":4},"end":{"line":162,"column":5}},"58":{"start":{"line":154,"column":26},"end":{"line":154,"column":52}},"59":{"start":{"line":155,"column":8},"end":{"line":157,"column":9}},"60":{"start":{"line":156,"column":12},"end":{"line":156,"column":75}},"61":{"start":{"line":158,"column":8},"end":{"line":158,"column":57}},"62":{"start":{"line":161,"column":8},"end":{"line":161,"column":62}},"63":{"start":{"line":152,"column":13},"end":{"line":152,"column":37}},"64":{"start":{"line":166,"column":41},"end":{"line":182,"column":1}},"65":{"start":{"line":167,"column":4},"end":{"line":181,"column":5}},"66":{"start":{"line":168,"column":19},"end":{"line":168,"column":42}},"67":{"start":{"line":169,"column":8},"end":{"line":171,"column":9}},"68":{"start":{"line":170,"column":12},"end":{"line":170,"column":67}},"69":{"start":{"line":173,"column":25},"end":{"line":173,"column":57}},"70":{"start":{"line":174,"column":8},"end":{"line":176,"column":9}},"71":{"start":{"line":175,"column":12},"end":{"line":175,"column":75}},"72":{"start":{"line":177,"column":8},"end":{"line":177,"column":56}},"73":{"start":{"line":180,"column":8},"end":{"line":180,"column":62}},"74":{"start":{"line":166,"column":13},"end":{"line":166,"column":41}},"75":{"start":{"line":185,"column":40},"end":{"line":214,"column":1}},"76":{"start":{"line":186,"column":4},"end":{"line":213,"column":5}},"77":{"start":{"line":187,"column":19},"end":{"line":187,"column":42}},"78":{"start":{"line":188,"column":8},"end":{"line":190,"column":9}},"79":{"start":{"line":189,"column":12},"end":{"line":189,"column":67}},"80":{"start":{"line":192,"column":25},"end":{"line":192,"column":33}},"81":{"start":{"line":196,"column":8},"end":{"line":198,"column":9}},"82":{"start":{"line":197,"column":12},"end":{"line":197,"column":58}},"83":{"start":{"line":200,"column":33},"end":{"line":200,"column":65}},"84":{"start":{"line":201,"column":8},"end":{"line":203,"column":9}},"85":{"start":{"line":202,"column":12},"end":{"line":202,"column":75}},"86":{"start":{"line":205,"column":32},"end":{"line":205,"column":73}},"87":{"start":{"line":206,"column":8},"end":{"line":208,"column":9}},"88":{"start":{"line":207,"column":12},"end":{"line":207,"column":77}},"89":{"start":{"line":209,"column":8},"end":{"line":209,"column":82}},"90":{"start":{"line":212,"column":8},"end":{"line":212,"column":62}},"91":{"start":{"line":185,"column":13},"end":{"line":185,"column":40}},"92":{"start":{"line":218,"column":40},"end":{"line":239,"column":1}},"93":{"start":{"line":219,"column":4},"end":{"line":238,"column":5}},"94":{"start":{"line":220,"column":19},"end":{"line":220,"column":42}},"95":{"start":{"line":221,"column":8},"end":{"line":223,"column":9}},"96":{"start":{"line":222,"column":12},"end":{"line":222,"column":67}},"97":{"start":{"line":225,"column":33},"end":{"line":225,"column":65}},"98":{"start":{"line":226,"column":8},"end":{"line":228,"column":9}},"99":{"start":{"line":227,"column":12},"end":{"line":227,"column":75}},"100":{"start":{"line":230,"column":24},"end":{"line":230,"column":55}},"101":{"start":{"line":231,"column":8},"end":{"line":233,"column":9}},"102":{"start":{"line":232,"column":12},"end":{"line":232,"column":77}},"103":{"start":{"line":235,"column":8},"end":{"line":235,"column":82}},"104":{"start":{"line":237,"column":8},"end":{"line":237,"column":62}},"105":{"start":{"line":218,"column":13},"end":{"line":218,"column":40}},"106":{"start":{"line":241,"column":56},"end":{"line":259,"column":1}},"107":{"start":{"line":242,"column":4},"end":{"line":258,"column":5}},"108":{"start":{"line":243,"column":19},"end":{"line":243,"column":42}},"109":{"start":{"line":244,"column":8},"end":{"line":246,"column":9}},"110":{"start":{"line":245,"column":12},"end":{"line":245,"column":86}},"111":{"start":{"line":248,"column":29},"end":{"line":248,"column":80}},"112":{"start":{"line":250,"column":8},"end":{"line":252,"column":9}},"113":{"start":{"line":251,"column":12},"end":{"line":251,"column":76}},"114":{"start":{"line":254,"column":8},"end":{"line":254,"column":60}},"115":{"start":{"line":256,"column":8},"end":{"line":256,"column":90}},"116":{"start":{"line":257,"column":8},"end":{"line":257,"column":62}},"117":{"start":{"line":241,"column":13},"end":{"line":241,"column":56}},"118":{"start":{"line":261,"column":60},"end":{"line":274,"column":1}},"119":{"start":{"line":262,"column":4},"end":{"line":273,"column":5}},"120":{"start":{"line":263,"column":30},"end":{"line":263,"column":83}},"121":{"start":{"line":265,"column":8},"end":{"line":267,"column":9}},"122":{"start":{"line":266,"column":12},"end":{"line":266,"column":103}},"123":{"start":{"line":269,"column":8},"end":{"line":269,"column":61}},"124":{"start":{"line":271,"column":8},"end":{"line":271,"column":89}},"125":{"start":{"line":272,"column":8},"end":{"line":272,"column":62}},"126":{"start":{"line":261,"column":13},"end":{"line":261,"column":60}}},"fnMap":{"0":{"name":"(anonymous_1)","decl":{"start":{"line":9,"column":42},"end":{"line":9,"column":47}},"loc":{"start":{"line":9,"column":80},"end":{"line":43,"column":1}}},"1":{"name":"(anonymous_2)","decl":{"start":{"line":44,"column":40},"end":{"line":44,"column":45}},"loc":{"start":{"line":44,"column":78},"end":{"line":80,"column":1}}},"2":{"name":"(anonymous_3)","decl":{"start":{"line":82,"column":39},"end":{"line":82,"column":44}},"loc":{"start":{"line":82,"column":77},"end":{"line":149,"column":1}}},"3":{"name":"(anonymous_4)","decl":{"start":{"line":152,"column":37},"end":{"line":152,"column":42}},"loc":{"start":{"line":152,"column":75},"end":{"line":163,"column":1}}},"4":{"name":"(anonymous_5)","decl":{"start":{"line":166,"column":41},"end":{"line":166,"column":46}},"loc":{"start":{"line":166,"column":79},"end":{"line":182,"column":1}}},"5":{"name":"(anonymous_6)","decl":{"start":{"line":185,"column":40},"end":{"line":185,"column":45}},"loc":{"start":{"line":185,"column":78},"end":{"line":214,"column":1}}},"6":{"name":"(anonymous_7)","decl":{"start":{"line":218,"column":40},"end":{"line":218,"column":45}},"loc":{"start":{"line":218,"column":78},"end":{"line":239,"column":1}}},"7":{"name":"(anonymous_8)","decl":{"start":{"line":241,"column":56},"end":{"line":241,"column":61}},"loc":{"start":{"line":241,"column":94},"end":{"line":259,"column":1}}},"8":{"name":"(anonymous_9)","decl":{"start":{"line":261,"column":60},"end":{"line":261,"column":65}},"loc":{"start":{"line":261,"column":98},"end":{"line":274,"column":1}}}},"branchMap":{"0":{"loc":{"start":{"line":22,"column":8},"end":{"line":22,"column":null}},"type":"if","locations":[{"start":{"line":22,"column":8},"end":{"line":22,"column":null}}]},"1":{"loc":{"start":{"line":48,"column":8},"end":{"line":50,"column":9}},"type":"if","locations":[{"start":{"line":48,"column":8},"end":{"line":50,"column":9}}]},"2":{"loc":{"start":{"line":52,"column":8},"end":{"line":75,"column":9}},"type":"if","locations":[{"start":{"line":52,"column":8},"end":{"line":75,"column":9}},{"start":{"line":73,"column":15},"end":{"line":75,"column":9}}]},"3":{"loc":{"start":{"line":89,"column":8},"end":{"line":91,"column":9}},"type":"if","locations":[{"start":{"line":89,"column":8},"end":{"line":91,"column":9}}]},"4":{"loc":{"start":{"line":93,"column":8},"end":{"line":95,"column":9}},"type":"if","locations":[{"start":{"line":93,"column":8},"end":{"line":95,"column":9}}]},"5":{"loc":{"start":{"line":93,"column":12},"end":{"line":93,"column":83}},"type":"binary-expr","locations":[{"start":{"line":93,"column":12},"end":{"line":93,"column":49}},{"start":{"line":93,"column":53},"end":{"line":93,"column":83}}]},"6":{"loc":{"start":{"line":98,"column":8},"end":{"line":100,"column":9}},"type":"if","locations":[{"start":{"line":98,"column":8},"end":{"line":100,"column":9}}]},"7":{"loc":{"start":{"line":126,"column":8},"end":{"line":128,"column":9}},"type":"if","locations":[{"start":{"line":126,"column":8},"end":{"line":128,"column":9}}]},"8":{"loc":{"start":{"line":155,"column":8},"end":{"line":157,"column":9}},"type":"if","locations":[{"start":{"line":155,"column":8},"end":{"line":157,"column":9}}]},"9":{"loc":{"start":{"line":155,"column":12},"end":{"line":155,"column":48}},"type":"binary-expr","locations":[{"start":{"line":155,"column":12},"end":{"line":155,"column":22}},{"start":{"line":155,"column":26},"end":{"line":155,"column":48}}]},"10":{"loc":{"start":{"line":169,"column":8},"end":{"line":171,"column":9}},"type":"if","locations":[{"start":{"line":169,"column":8},"end":{"line":171,"column":9}}]},"11":{"loc":{"start":{"line":174,"column":8},"end":{"line":176,"column":9}},"type":"if","locations":[{"start":{"line":174,"column":8},"end":{"line":176,"column":9}}]},"12":{"loc":{"start":{"line":188,"column":8},"end":{"line":190,"column":9}},"type":"if","locations":[{"start":{"line":188,"column":8},"end":{"line":190,"column":9}}]},"13":{"loc":{"start":{"line":196,"column":8},"end":{"line":198,"column":9}},"type":"if","locations":[{"start":{"line":196,"column":8},"end":{"line":198,"column":9}}]},"14":{"loc":{"start":{"line":201,"column":8},"end":{"line":203,"column":9}},"type":"if","locations":[{"start":{"line":201,"column":8},"end":{"line":203,"column":9}}]},"15":{"loc":{"start":{"line":206,"column":8},"end":{"line":208,"column":9}},"type":"if","locations":[{"start":{"line":206,"column":8},"end":{"line":208,"column":9}}]},"16":{"loc":{"start":{"line":221,"column":8},"end":{"line":223,"column":9}},"type":"if","locations":[{"start":{"line":221,"column":8},"end":{"line":223,"column":9}}]},"17":{"loc":{"start":{"line":226,"column":8},"end":{"line":228,"column":9}},"type":"if","locations":[{"start":{"line":226,"column":8},"end":{"line":228,"column":9}}]},"18":{"loc":{"start":{"line":231,"column":8},"end":{"line":233,"column":9}},"type":"if","locations":[{"start":{"line":231,"column":8},"end":{"line":233,"column":9}}]},"19":{"loc":{"start":{"line":244,"column":8},"end":{"line":246,"column":9}},"type":"if","locations":[{"start":{"line":244,"column":8},"end":{"line":246,"column":9}}]},"20":{"loc":{"start":{"line":250,"column":8},"end":{"line":252,"column":9}},"type":"if","locations":[{"start":{"line":250,"column":8},"end":{"line":252,"column":9}}]},"21":{"loc":{"start":{"line":265,"column":8},"end":{"line":267,"column":9}},"type":"if","locations":[{"start":{"line":265,"column":8},"end":{"line":267,"column":9}}]},"22":{"loc":{"start":{"line":265,"column":12},"end":{"line":265,"column":56}},"type":"binary-expr","locations":[{"start":{"line":265,"column":12},"end":{"line":265,"column":26}},{"start":{"line":265,"column":30},"end":{"line":265,"column":56}}]}},"s":{"0":1,"1":1,"2":1,"3":1,"4":1,"5":0,"6":0,"7":0,"8":0,"9":0,"10":0,"11":0,"12":0,"13":0,"14":0,"15":0,"16":0,"17":0,"18":0,"19":0,"20":0,"21":1,"22":1,"23":0,"24":0,"25":0,"26":0,"27":0,"28":0,"29":0,"30":0,"31":0,"32":0,"33":0,"34":0,"35":0,"36":1,"37":1,"38":0,"39":0,"40":0,"41":0,"42":0,"43":0,"44":0,"45":0,"46":0,"47":0,"48":0,"49":0,"50":0,"51":0,"52":0,"53":0,"54":0,"55":1,"56":1,"57":0,"58":0,"59":0,"60":0,"61":0,"62":0,"63":1,"64":1,"65":0,"66":0,"67":0,"68":0,"69":0,"70":0,"71":0,"72":0,"73":0,"74":1,"75":1,"76":0,"77":0,"78":0,"79":0,"80":0,"81":0,"82":0,"83":0,"84":0,"85":0,"86":0,"87":0,"88":0,"89":0,"90":0,"91":1,"92":1,"93":0,"94":0,"95":0,"96":0,"97":0,"98":0,"99":0,"100":0,"101":0,"102":0,"103":0,"104":0,"105":1,"106":1,"107":1,"108":1,"109":1,"110":0,"111":1,"112":1,"113":0,"114":1,"115":0,"116":0,"117":1,"118":1,"119":1,"120":1,"121":1,"122":0,"123":1,"124":0,"125":0,"126":1},"f":{"0":0,"1":0,"2":0,"3":0,"4":0,"5":0,"6":0,"7":1,"8":1},"b":{"0":[0],"1":[0],"2":[0,0],"3":[0],"4":[0],"5":[0,0],"6":[0],"7":[0],"8":[0],"9":[0,0],"10":[0],"11":[0],"12":[0],"13":[0],"14":[0],"15":[0],"16":[0],"17":[0],"18":[0],"19":[0],"20":[0],"21":[0],"22":[1,1]}}
,"C:\\Users\\Administrator\\Desktop\\Car-Rental-Management-System-main\\src\\controllers\\booking.controller.ts": {"path":"C:\\Users\\Administrator\\Desktop\\Car-Rental-Management-System-main\\src\\controllers\\booking.controller.ts","statementMap":{"0":{"start":{"line":2,"column":0},"end":{"line":2,"column":null}},"1":{"start":{"line":11,"column":39},"end":{"line":20,"column":1}},"2":{"start":{"line":12,"column":2},"end":{"line":19,"column":3}},"3":{"start":{"line":13,"column":20},"end":{"line":13,"column":28}},"4":{"start":{"line":14,"column":20},"end":{"line":14,"column":55}},"5":{"start":{"line":15,"column":4},"end":{"line":15,"column":70}},"6":{"start":{"line":15,"column":18},"end":{"line":15,"column":70}},"7":{"start":{"line":16,"column":4},"end":{"line":16,"column":90}},"8":{"start":{"line":18,"column":4},"end":{"line":18,"column":58}},"9":{"start":{"line":11,"column":13},"end":{"line":11,"column":39}},"10":{"start":{"line":22,"column":36},"end":{"line":32,"column":1}},"11":{"start":{"line":23,"column":2},"end":{"line":31,"column":3}},"12":{"start":{"line":24,"column":21},"end":{"line":24,"column":46}},"13":{"start":{"line":25,"column":4},"end":{"line":27,"column":5}},"14":{"start":{"line":26,"column":6},"end":{"line":26,"column":68}},"15":{"start":{"line":28,"column":4},"end":{"line":28,"column":52}},"16":{"start":{"line":30,"column":4},"end":{"line":30,"column":58}},"17":{"start":{"line":22,"column":13},"end":{"line":22,"column":36}},"18":{"start":{"line":34,"column":40},"end":{"line":45,"column":1}},"19":{"start":{"line":35,"column":2},"end":{"line":44,"column":3}},"20":{"start":{"line":36,"column":15},"end":{"line":36,"column":38}},"21":{"start":{"line":37,"column":4},"end":{"line":37,"column":74}},"22":{"start":{"line":37,"column":19},"end":{"line":37,"column":74}},"23":{"start":{"line":39,"column":20},"end":{"line":39,"column":51}},"24":{"start":{"line":40,"column":4},"end":{"line":40,"column":80}},"25":{"start":{"line":40,"column":18},"end":{"line":40,"column":80}},"26":{"start":{"line":41,"column":4},"end":{"line":41,"column":51}},"27":{"start":{"line":43,"column":4},"end":{"line":43,"column":58}},"28":{"start":{"line":34,"column":13},"end":{"line":34,"column":40}},"29":{"start":{"line":47,"column":49},"end":{"line":58,"column":1}},"30":{"start":{"line":48,"column":2},"end":{"line":57,"column":3}},"31":{"start":{"line":49,"column":23},"end":{"line":49,"column":54}},"32":{"start":{"line":50,"column":4},"end":{"line":50,"column":82}},"33":{"start":{"line":50,"column":27},"end":{"line":50,"column":82}},"34":{"start":{"line":52,"column":21},"end":{"line":52,"column":69}},"35":{"start":{"line":53,"column":4},"end":{"line":53,"column":106}},"36":{"start":{"line":53,"column":44},"end":{"line":53,"column":106}},"37":{"start":{"line":54,"column":4},"end":{"line":54,"column":52}},"38":{"start":{"line":56,"column":4},"end":{"line":56,"column":58}},"39":{"start":{"line":47,"column":13},"end":{"line":47,"column":49}},"40":{"start":{"line":60,"column":39},"end":{"line":76,"column":1}},"41":{"start":{"line":61,"column":2},"end":{"line":75,"column":3}},"42":{"start":{"line":62,"column":15},"end":{"line":62,"column":38}},"43":{"start":{"line":63,"column":4},"end":{"line":63,"column":74}},"44":{"start":{"line":63,"column":19},"end":{"line":63,"column":74}},"45":{"start":{"line":65,"column":20},"end":{"line":65,"column":28}},"46":{"start":{"line":66,"column":21},"end":{"line":66,"column":52}},"47":{"start":{"line":67,"column":4},"end":{"line":67,"column":81}},"48":{"start":{"line":67,"column":19},"end":{"line":67,"column":81}},"49":{"start":{"line":69,"column":20},"end":{"line":69,"column":59}},"50":{"start":{"line":70,"column":4},"end":{"line":70,"column":82}},"51":{"start":{"line":70,"column":18},"end":{"line":70,"column":82}},"52":{"start":{"line":72,"column":4},"end":{"line":72,"column":77}},"53":{"start":{"line":74,"column":4},"end":{"line":74,"column":58}},"54":{"start":{"line":60,"column":13},"end":{"line":60,"column":39}},"55":{"start":{"line":78,"column":39},"end":{"line":93,"column":1}},"56":{"start":{"line":79,"column":2},"end":{"line":92,"column":3}},"57":{"start":{"line":80,"column":15},"end":{"line":80,"column":38}},"58":{"start":{"line":81,"column":4},"end":{"line":81,"column":74}},"59":{"start":{"line":81,"column":19},"end":{"line":81,"column":74}},"60":{"start":{"line":83,"column":21},"end":{"line":83,"column":52}},"61":{"start":{"line":84,"column":4},"end":{"line":84,"column":81}},"62":{"start":{"line":84,"column":19},"end":{"line":84,"column":81}},"63":{"start":{"line":86,"column":20},"end":{"line":86,"column":50}},"64":{"start":{"line":87,"column":4},"end":{"line":87,"column":82}},"65":{"start":{"line":87,"column":18},"end":{"line":87,"column":82}},"66":{"start":{"line":89,"column":4},"end":{"line":89,"column":77}},"67":{"start":{"line":91,"column":4},"end":{"line":91,"column":58}},"68":{"start":{"line":78,"column":13},"end":{"line":78,"column":39}}},"fnMap":{"0":{"name":"(anonymous_0)","decl":{"start":{"line":11,"column":39},"end":{"line":11,"column":44}},"loc":{"start":{"line":11,"column":77},"end":{"line":20,"column":1}}},"1":{"name":"(anonymous_1)","decl":{"start":{"line":22,"column":36},"end":{"line":22,"column":41}},"loc":{"start":{"line":22,"column":74},"end":{"line":32,"column":1}}},"2":{"name":"(anonymous_2)","decl":{"start":{"line":34,"column":40},"end":{"line":34,"column":45}},"loc":{"start":{"line":34,"column":78},"end":{"line":45,"column":1}}},"3":{"name":"(anonymous_3)","decl":{"start":{"line":47,"column":49},"end":{"line":47,"column":54}},"loc":{"start":{"line":47,"column":87},"end":{"line":58,"column":1}}},"4":{"name":"(anonymous_4)","decl":{"start":{"line":60,"column":39},"end":{"line":60,"column":44}},"loc":{"start":{"line":60,"column":77},"end":{"line":76,"column":1}}},"5":{"name":"(anonymous_5)","decl":{"start":{"line":78,"column":39},"end":{"line":78,"column":44}},"loc":{"start":{"line":78,"column":77},"end":{"line":93,"column":1}}}},"branchMap":{"0":{"loc":{"start":{"line":15,"column":4},"end":{"line":15,"column":70}},"type":"if","locations":[{"start":{"line":15,"column":4},"end":{"line":15,"column":70}}]},"1":{"loc":{"start":{"line":25,"column":4},"end":{"line":27,"column":5}},"type":"if","locations":[{"start":{"line":25,"column":4},"end":{"line":27,"column":5}}]},"2":{"loc":{"start":{"line":25,"column":8},"end":{"line":25,"column":42}},"type":"binary-expr","locations":[{"start":{"line":25,"column":8},"end":{"line":25,"column":17}},{"start":{"line":25,"column":21},"end":{"line":25,"column":42}}]},"3":{"loc":{"start":{"line":37,"column":4},"end":{"line":37,"column":74}},"type":"if","locations":[{"start":{"line":37,"column":4},"end":{"line":37,"column":74}}]},"4":{"loc":{"start":{"line":40,"column":4},"end":{"line":40,"column":80}},"type":"if","locations":[{"start":{"line":40,"column":4},"end":{"line":40,"column":80}}]},"5":{"loc":{"start":{"line":50,"column":4},"end":{"line":50,"column":82}},"type":"if","locations":[{"start":{"line":50,"column":4},"end":{"line":50,"column":82}}]},"6":{"loc":{"start":{"line":53,"column":4},"end":{"line":53,"column":106}},"type":"if","locations":[{"start":{"line":53,"column":4},"end":{"line":53,"column":106}}]},"7":{"loc":{"start":{"line":53,"column":8},"end":{"line":53,"column":42}},"type":"binary-expr","locations":[{"start":{"line":53,"column":8},"end":{"line":53,"column":17}},{"start":{"line":53,"column":21},"end":{"line":53,"column":42}}]},"8":{"loc":{"start":{"line":63,"column":4},"end":{"line":63,"column":74}},"type":"if","locations":[{"start":{"line":63,"column":4},"end":{"line":63,"column":74}}]},"9":{"loc":{"start":{"line":67,"column":4},"end":{"line":67,"column":81}},"type":"if","locations":[{"start":{"line":67,"column":4},"end":{"line":67,"column":81}}]},"10":{"loc":{"start":{"line":70,"column":4},"end":{"line":70,"column":82}},"type":"if","locations":[{"start":{"line":70,"column":4},"end":{"line":70,"column":82}}]},"11":{"loc":{"start":{"line":81,"column":4},"end":{"line":81,"column":74}},"type":"if","locations":[{"start":{"line":81,"column":4},"end":{"line":81,"column":74}}]},"12":{"loc":{"start":{"line":84,"column":4},"end":{"line":84,"column":81}},"type":"if","locations":[{"start":{"line":84,"column":4},"end":{"line":84,"column":81}}]},"13":{"loc":{"start":{"line":87,"column":4},"end":{"line":87,"column":82}},"type":"if","locations":[{"start":{"line":87,"column":4},"end":{"line":87,"column":82}}]}},"s":{"0":1,"1":1,"2":0,"3":0,"4":0,"5":0,"6":0,"7":0,"8":0,"9":1,"10":1,"11":0,"12":0,"13":0,"14":0,"15":0,"16":0,"17":1,"18":1,"19":0,"20":0,"21":0,"22":0,"23":0,"24":0,"25":0,"26":0,"27":0,"28":1,"29":1,"30":0,"31":0,"32":0,"33":0,"34":0,"35":0,"36":0,"37":0,"38":0,"39":1,"40":1,"41":0,"42":0,"43":0,"44":0,"45":0,"46":0,"47":0,"48":0,"49":0,"50":0,"51":0,"52":0,"53":0,"54":1,"55":1,"56":0,"57":0,"58":0,"59":0,"60":0,"61":0,"62":0,"63":0,"64":0,"65":0,"66":0,"67":0,"68":1},"f":{"0":0,"1":0,"2":0,"3":0,"4":0,"5":0},"b":{"0":[0],"1":[0],"2":[0,0],"3":[0],"4":[0],"5":[0],"6":[0],"7":[0,0],"8":[0],"9":[0],"10":[0],"11":[0],"12":[0],"13":[0]}}
,"C:\\Users\\Administrator\\Desktop\\Car-Rental-Management-System-main\\src\\controllers\\car.controller.ts": {"path":"C:\\Users\\Administrator\\Desktop\\Car-Rental-Management-System-main\\src\\controllers\\car.controller.ts","statementMap":{"0":{"start":{"line":62,"column":0},"end":{"line":62,"column":129}},"1":{"start":{"line":65,"column":35},"end":{"line":74,"column":1}},"2":{"start":{"line":66,"column":2},"end":{"line":73,"column":3}},"3":{"start":{"line":67,"column":16},"end":{"line":67,"column":24}},"4":{"start":{"line":68,"column":20},"end":{"line":68,"column":47}},"5":{"start":{"line":69,"column":4},"end":{"line":69,"column":66}},"6":{"start":{"line":69,"column":18},"end":{"line":69,"column":66}},"7":{"start":{"line":70,"column":4},"end":{"line":70,"column":54}},"8":{"start":{"line":72,"column":4},"end":{"line":72,"column":58}},"9":{"start":{"line":65,"column":13},"end":{"line":65,"column":35}},"10":{"start":{"line":77,"column":32},"end":{"line":87,"column":1}},"11":{"start":{"line":78,"column":2},"end":{"line":86,"column":3}},"12":{"start":{"line":79,"column":17},"end":{"line":79,"column":38}},"13":{"start":{"line":80,"column":4},"end":{"line":82,"column":5}},"14":{"start":{"line":81,"column":6},"end":{"line":81,"column":64}},"15":{"start":{"line":83,"column":4},"end":{"line":83,"column":48}},"16":{"start":{"line":85,"column":4},"end":{"line":85,"column":58}},"17":{"start":{"line":77,"column":13},"end":{"line":77,"column":32}},"18":{"start":{"line":91,"column":36},"end":{"line":102,"column":1}},"19":{"start":{"line":92,"column":2},"end":{"line":101,"column":3}},"20":{"start":{"line":93,"column":15},"end":{"line":93,"column":38}},"21":{"start":{"line":94,"column":4},"end":{"line":94,"column":74}},"22":{"start":{"line":94,"column":19},"end":{"line":94,"column":74}},"23":{"start":{"line":96,"column":16},"end":{"line":96,"column":43}},"24":{"start":{"line":97,"column":4},"end":{"line":97,"column":72}},"25":{"start":{"line":97,"column":14},"end":{"line":97,"column":72}},"26":{"start":{"line":98,"column":4},"end":{"line":98,"column":47}},"27":{"start":{"line":100,"column":4},"end":{"line":100,"column":58}},"28":{"start":{"line":91,"column":13},"end":{"line":91,"column":36}},"29":{"start":{"line":105,"column":35},"end":{"line":120,"column":1}},"30":{"start":{"line":106,"column":2},"end":{"line":119,"column":3}},"31":{"start":{"line":107,"column":15},"end":{"line":107,"column":38}},"32":{"start":{"line":108,"column":4},"end":{"line":108,"column":74}},"33":{"start":{"line":108,"column":19},"end":{"line":108,"column":74}},"34":{"start":{"line":110,"column":16},"end":{"line":110,"column":24}},"35":{"start":{"line":111,"column":24},"end":{"line":111,"column":51}},"36":{"start":{"line":112,"column":4},"end":{"line":112,"column":80}},"37":{"start":{"line":112,"column":22},"end":{"line":112,"column":80}},"38":{"start":{"line":114,"column":20},"end":{"line":114,"column":51}},"39":{"start":{"line":115,"column":4},"end":{"line":115,"column":78}},"40":{"start":{"line":115,"column":18},"end":{"line":115,"column":78}},"41":{"start":{"line":116,"column":4},"end":{"line":116,"column":73}},"42":{"start":{"line":118,"column":4},"end":{"line":118,"column":58}},"43":{"start":{"line":105,"column":13},"end":{"line":105,"column":35}},"44":{"start":{"line":123,"column":35},"end":{"line":138,"column":1}},"45":{"start":{"line":124,"column":2},"end":{"line":137,"column":3}},"46":{"start":{"line":125,"column":15},"end":{"line":125,"column":38}},"47":{"start":{"line":126,"column":4},"end":{"line":126,"column":74}},"48":{"start":{"line":126,"column":19},"end":{"line":126,"column":74}},"49":{"start":{"line":128,"column":24},"end":{"line":128,"column":51}},"50":{"start":{"line":129,"column":4},"end":{"line":129,"column":80}},"51":{"start":{"line":129,"column":22},"end":{"line":129,"column":80}},"52":{"start":{"line":131,"column":20},"end":{"line":131,"column":46}},"53":{"start":{"line":132,"column":4},"end":{"line":132,"column":78}},"54":{"start":{"line":132,"column":18},"end":{"line":132,"column":78}},"55":{"start":{"line":134,"column":4},"end":{"line":134,"column":73}},"56":{"start":{"line":136,"column":4},"end":{"line":136,"column":58}},"57":{"start":{"line":123,"column":13},"end":{"line":123,"column":35}}},"fnMap":{"0":{"name":"(anonymous_0)","decl":{"start":{"line":65,"column":35},"end":{"line":65,"column":40}},"loc":{"start":{"line":65,"column":73},"end":{"line":74,"column":1}}},"1":{"name":"(anonymous_1)","decl":{"start":{"line":77,"column":32},"end":{"line":77,"column":37}},"loc":{"start":{"line":77,"column":71},"end":{"line":87,"column":1}}},"2":{"name":"(anonymous_2)","decl":{"start":{"line":91,"column":36},"end":{"line":91,"column":41}},"loc":{"start":{"line":91,"column":74},"end":{"line":102,"column":1}}},"3":{"name":"(anonymous_3)","decl":{"start":{"line":105,"column":35},"end":{"line":105,"column":40}},"loc":{"start":{"line":105,"column":73},"end":{"line":120,"column":1}}},"4":{"name":"(anonymous_4)","decl":{"start":{"line":123,"column":35},"end":{"line":123,"column":40}},"loc":{"start":{"line":123,"column":73},"end":{"line":138,"column":1}}}},"branchMap":{"0":{"loc":{"start":{"line":69,"column":4},"end":{"line":69,"column":66}},"type":"if","locations":[{"start":{"line":69,"column":4},"end":{"line":69,"column":66}}]},"1":{"loc":{"start":{"line":80,"column":4},"end":{"line":82,"column":5}},"type":"if","locations":[{"start":{"line":80,"column":4},"end":{"line":82,"column":5}}]},"2":{"loc":{"start":{"line":80,"column":8},"end":{"line":80,"column":34}},"type":"binary-expr","locations":[{"start":{"line":80,"column":8},"end":{"line":80,"column":13}},{"start":{"line":80,"column":17},"end":{"line":80,"column":34}}]},"3":{"loc":{"start":{"line":94,"column":4},"end":{"line":94,"column":74}},"type":"if","locations":[{"start":{"line":94,"column":4},"end":{"line":94,"column":74}}]},"4":{"loc":{"start":{"line":97,"column":4},"end":{"line":97,"column":72}},"type":"if","locations":[{"start":{"line":97,"column":4},"end":{"line":97,"column":72}}]},"5":{"loc":{"start":{"line":108,"column":4},"end":{"line":108,"column":74}},"type":"if","locations":[{"start":{"line":108,"column":4},"end":{"line":108,"column":74}}]},"6":{"loc":{"start":{"line":112,"column":4},"end":{"line":112,"column":80}},"type":"if","locations":[{"start":{"line":112,"column":4},"end":{"line":112,"column":80}}]},"7":{"loc":{"start":{"line":115,"column":4},"end":{"line":115,"column":78}},"type":"if","locations":[{"start":{"line":115,"column":4},"end":{"line":115,"column":78}}]},"8":{"loc":{"start":{"line":126,"column":4},"end":{"line":126,"column":74}},"type":"if","locations":[{"start":{"line":126,"column":4},"end":{"line":126,"column":74}}]},"9":{"loc":{"start":{"line":129,"column":4},"end":{"line":129,"column":80}},"type":"if","locations":[{"start":{"line":129,"column":4},"end":{"line":129,"column":80}}]},"10":{"loc":{"start":{"line":132,"column":4},"end":{"line":132,"column":78}},"type":"if","locations":[{"start":{"line":132,"column":4},"end":{"line":132,"column":78}}]}},"s":{"0":1,"1":1,"2":0,"3":0,"4":0,"5":0,"6":0,"7":0,"8":0,"9":1,"10":1,"11":0,"12":0,"13":0,"14":0,"15":0,"16":0,"17":1,"18":1,"19":0,"20":0,"21":0,"22":0,"23":0,"24":0,"25":0,"26":0,"27":0,"28":1,"29":1,"30":0,"31":0,"32":0,"33":0,"34":0,"35":0,"36":0,"37":0,"38":0,"39":0,"40":0,"41":0,"42":0,"43":1,"44":1,"45":0,"46":0,"47":0,"48":0,"49":0,"50":0,"51":0,"52":0,"53":0,"54":0,"55":0,"56":0,"57":1},"f":{"0":0,"1":0,"2":0,"3":0,"4":0},"b":{"0":[0],"1":[0],"2":[0,0],"3":[0],"4":[0],"5":[0],"6":[0],"7":[0],"8":[0],"9":[0],"10":[0]}}
,"C:\\Users\\Administrator\\Desktop\\Car-Rental-Management-System-main\\src\\controllers\\insurance.controller.ts": {"path":"C:\\Users\\Administrator\\Desktop\\Car-Rental-Management-System-main\\src\\controllers\\insurance.controller.ts","statementMap":{"0":{"start":{"line":2,"column":0},"end":{"line":2,"column":159}},"1":{"start":{"line":4,"column":43},"end":{"line":12,"column":1}},"2":{"start":{"line":5,"column":2},"end":{"line":11,"column":3}},"3":{"start":{"line":6,"column":28},"end":{"line":6,"column":66}},"4":{"start":{"line":7,"column":4},"end":{"line":7,"column":80}},"5":{"start":{"line":7,"column":26},"end":{"line":7,"column":80}},"6":{"start":{"line":8,"column":4},"end":{"line":8,"column":62}},"7":{"start":{"line":10,"column":4},"end":{"line":10,"column":58}},"8":{"start":{"line":4,"column":13},"end":{"line":4,"column":43}},"9":{"start":{"line":14,"column":38},"end":{"line":24,"column":1}},"10":{"start":{"line":15,"column":2},"end":{"line":23,"column":3}},"11":{"start":{"line":16,"column":23},"end":{"line":16,"column":50}},"12":{"start":{"line":17,"column":4},"end":{"line":19,"column":5}},"13":{"start":{"line":18,"column":6},"end":{"line":18,"column":70}},"14":{"start":{"line":20,"column":4},"end":{"line":20,"column":54}},"15":{"start":{"line":22,"column":4},"end":{"line":22,"column":58}},"16":{"start":{"line":14,"column":13},"end":{"line":14,"column":38}},"17":{"start":{"line":26,"column":42},"end":{"line":38,"column":1}},"18":{"start":{"line":27,"column":2},"end":{"line":37,"column":3}},"19":{"start":{"line":28,"column":15},"end":{"line":28,"column":38}},"20":{"start":{"line":29,"column":4},"end":{"line":29,"column":74}},"21":{"start":{"line":29,"column":19},"end":{"line":29,"column":74}},"22":{"start":{"line":31,"column":22},"end":{"line":31,"column":55}},"23":{"start":{"line":32,"column":4},"end":{"line":32,"column":84}},"24":{"start":{"line":32,"column":20},"end":{"line":32,"column":84}},"25":{"start":{"line":34,"column":4},"end":{"line":34,"column":53}},"26":{"start":{"line":36,"column":4},"end":{"line":36,"column":58}},"27":{"start":{"line":26,"column":13},"end":{"line":26,"column":42}},"28":{"start":{"line":40,"column":41},"end":{"line":52,"column":1}},"29":{"start":{"line":41,"column":2},"end":{"line":51,"column":3}},"30":{"start":{"line":42,"column":15},"end":{"line":42,"column":38}},"31":{"start":{"line":43,"column":4},"end":{"line":43,"column":74}},"32":{"start":{"line":43,"column":19},"end":{"line":43,"column":74}},"33":{"start":{"line":45,"column":20},"end":{"line":45,"column":62}},"34":{"start":{"line":46,"column":4},"end":{"line":46,"column":84}},"35":{"start":{"line":46,"column":18},"end":{"line":46,"column":84}},"36":{"start":{"line":48,"column":4},"end":{"line":48,"column":79}},"37":{"start":{"line":50,"column":4},"end":{"line":50,"column":58}},"38":{"start":{"line":40,"column":13},"end":{"line":40,"column":41}},"39":{"start":{"line":54,"column":41},"end":{"line":69,"column":1}},"40":{"start":{"line":55,"column":2},"end":{"line":68,"column":3}},"41":{"start":{"line":56,"column":15},"end":{"line":56,"column":38}},"42":{"start":{"line":57,"column":4},"end":{"line":57,"column":74}},"43":{"start":{"line":57,"column":19},"end":{"line":57,"column":74}},"44":{"start":{"line":59,"column":21},"end":{"line":59,"column":54}},"45":{"start":{"line":60,"column":4},"end":{"line":60,"column":83}},"46":{"start":{"line":60,"column":19},"end":{"line":60,"column":83}},"47":{"start":{"line":62,"column":20},"end":{"line":62,"column":52}},"48":{"start":{"line":63,"column":4},"end":{"line":63,"column":84}},"49":{"start":{"line":63,"column":18},"end":{"line":63,"column":84}},"50":{"start":{"line":65,"column":4},"end":{"line":65,"column":79}},"51":{"start":{"line":67,"column":4},"end":{"line":67,"column":58}},"52":{"start":{"line":54,"column":13},"end":{"line":54,"column":41}}},"fnMap":{"0":{"name":"(anonymous_0)","decl":{"start":{"line":4,"column":43},"end":{"line":4,"column":48}},"loc":{"start":{"line":4,"column":81},"end":{"line":12,"column":1}}},"1":{"name":"(anonymous_1)","decl":{"start":{"line":14,"column":38},"end":{"line":14,"column":43}},"loc":{"start":{"line":14,"column":77},"end":{"line":24,"column":1}}},"2":{"name":"(anonymous_2)","decl":{"start":{"line":26,"column":42},"end":{"line":26,"column":47}},"loc":{"start":{"line":26,"column":80},"end":{"line":38,"column":1}}},"3":{"name":"(anonymous_3)","decl":{"start":{"line":40,"column":41},"end":{"line":40,"column":46}},"loc":{"start":{"line":40,"column":79},"end":{"line":52,"column":1}}},"4":{"name":"(anonymous_4)","decl":{"start":{"line":54,"column":41},"end":{"line":54,"column":46}},"loc":{"start":{"line":54,"column":79},"end":{"line":69,"column":1}}}},"branchMap":{"0":{"loc":{"start":{"line":7,"column":4},"end":{"line":7,"column":80}},"type":"if","locations":[{"start":{"line":7,"column":4},"end":{"line":7,"column":80}}]},"1":{"loc":{"start":{"line":17,"column":4},"end":{"line":19,"column":5}},"type":"if","locations":[{"start":{"line":17,"column":4},"end":{"line":19,"column":5}}]},"2":{"loc":{"start":{"line":17,"column":8},"end":{"line":17,"column":46}},"type":"binary-expr","locations":[{"start":{"line":17,"column":8},"end":{"line":17,"column":19}},{"start":{"line":17,"column":23},"end":{"line":17,"column":46}}]},"3":{"loc":{"start":{"line":29,"column":4},"end":{"line":29,"column":74}},"type":"if","locations":[{"start":{"line":29,"column":4},"end":{"line":29,"column":74}}]},"4":{"loc":{"start":{"line":32,"column":4},"end":{"line":32,"column":84}},"type":"if","locations":[{"start":{"line":32,"column":4},"end":{"line":32,"column":84}}]},"5":{"loc":{"start":{"line":43,"column":4},"end":{"line":43,"column":74}},"type":"if","locations":[{"start":{"line":43,"column":4},"end":{"line":43,"column":74}}]},"6":{"loc":{"start":{"line":46,"column":4},"end":{"line":46,"column":84}},"type":"if","locations":[{"start":{"line":46,"column":4},"end":{"line":46,"column":84}}]},"7":{"loc":{"start":{"line":57,"column":4},"end":{"line":57,"column":74}},"type":"if","locations":[{"start":{"line":57,"column":4},"end":{"line":57,"column":74}}]},"8":{"loc":{"start":{"line":60,"column":4},"end":{"line":60,"column":83}},"type":"if","locations":[{"start":{"line":60,"column":4},"end":{"line":60,"column":83}}]},"9":{"loc":{"start":{"line":63,"column":4},"end":{"line":63,"column":84}},"type":"if","locations":[{"start":{"line":63,"column":4},"end":{"line":63,"column":84}}]}},"s":{"0":1,"1":1,"2":0,"3":0,"4":0,"5":0,"6":0,"7":0,"8":1,"9":1,"10":0,"11":0,"12":0,"13":0,"14":0,"15":0,"16":1,"17":1,"18":0,"19":0,"20":0,"21":0,"22":0,"23":0,"24":0,"25":0,"26":0,"27":1,"28":1,"29":0,"30":0,"31":0,"32":0,"33":0,"34":0,"35":0,"36":0,"37":0,"38":1,"39":1,"40":0,"41":0,"42":0,"43":0,"44":0,"45":0,"46":0,"47":0,"48":0,"49":0,"50":0,"51":0,"52":1},"f":{"0":0,"1":0,"2":0,"3":0,"4":0},"b":{"0":[0],"1":[0],"2":[0,0],"3":[0],"4":[0],"5":[0],"6":[0],"7":[0],"8":[0],"9":[0]}}
,"C:\\Users\\Administrator\\Desktop\\Car-Rental-Management-System-main\\src\\controllers\\location.controller.ts": {"path":"C:\\Users\\Administrator\\Desktop\\Car-Rental-Management-System-main\\src\\controllers\\location.controller.ts","statementMap":{"0":{"start":{"line":3,"column":0},"end":{"line":3,"column":158}},"1":{"start":{"line":6,"column":42},"end":{"line":17,"column":1}},"2":{"start":{"line":7,"column":2},"end":{"line":16,"column":3}},"3":{"start":{"line":8,"column":21},"end":{"line":8,"column":29}},"4":{"start":{"line":10,"column":28},"end":{"line":10,"column":65}},"5":{"start":{"line":11,"column":4},"end":{"line":11,"column":91}},"6":{"start":{"line":11,"column":26},"end":{"line":11,"column":91}},"7":{"start":{"line":13,"column":4},"end":{"line":13,"column":62}},"8":{"start":{"line":15,"column":4},"end":{"line":15,"column":58}},"9":{"start":{"line":6,"column":13},"end":{"line":6,"column":42}},"10":{"start":{"line":20,"column":37},"end":{"line":30,"column":1}},"11":{"start":{"line":21,"column":2},"end":{"line":29,"column":3}},"12":{"start":{"line":22,"column":22},"end":{"line":22,"column":48}},"13":{"start":{"line":23,"column":4},"end":{"line":25,"column":5}},"14":{"start":{"line":24,"column":6},"end":{"line":24,"column":69}},"15":{"start":{"line":26,"column":4},"end":{"line":26,"column":53}},"16":{"start":{"line":28,"column":4},"end":{"line":28,"column":58}},"17":{"start":{"line":20,"column":13},"end":{"line":20,"column":37}},"18":{"start":{"line":33,"column":41},"end":{"line":48,"column":1}},"19":{"start":{"line":34,"column":2},"end":{"line":47,"column":3}},"20":{"start":{"line":35,"column":15},"end":{"line":35,"column":38}},"21":{"start":{"line":36,"column":4},"end":{"line":38,"column":5}},"22":{"start":{"line":37,"column":6},"end":{"line":37,"column":61}},"23":{"start":{"line":40,"column":21},"end":{"line":40,"column":53}},"24":{"start":{"line":41,"column":4},"end":{"line":43,"column":5}},"25":{"start":{"line":42,"column":6},"end":{"line":42,"column":69}},"26":{"start":{"line":44,"column":4},"end":{"line":44,"column":52}},"27":{"start":{"line":46,"column":4},"end":{"line":46,"column":58}},"28":{"start":{"line":33,"column":13},"end":{"line":33,"column":41}},"29":{"start":{"line":51,"column":40},"end":{"line":73,"column":1}},"30":{"start":{"line":52,"column":2},"end":{"line":72,"column":3}},"31":{"start":{"line":53,"column":15},"end":{"line":53,"column":38}},"32":{"start":{"line":54,"column":4},"end":{"line":56,"column":5}},"33":{"start":{"line":55,"column":6},"end":{"line":55,"column":61}},"34":{"start":{"line":58,"column":21},"end":{"line":58,"column":29}},"35":{"start":{"line":60,"column":29},"end":{"line":60,"column":61}},"36":{"start":{"line":61,"column":4},"end":{"line":63,"column":5}},"37":{"start":{"line":62,"column":6},"end":{"line":62,"column":69}},"38":{"start":{"line":65,"column":28},"end":{"line":65,"column":69}},"39":{"start":{"line":66,"column":4},"end":{"line":68,"column":5}},"40":{"start":{"line":67,"column":6},"end":{"line":67,"column":71}},"41":{"start":{"line":69,"column":4},"end":{"line":69,"column":78}},"42":{"start":{"line":71,"column":4},"end":{"line":71,"column":58}},"43":{"start":{"line":51,"column":13},"end":{"line":51,"column":40}},"44":{"start":{"line":76,"column":40},"end":{"line":97,"column":1}},"45":{"start":{"line":77,"column":2},"end":{"line":96,"column":3}},"46":{"start":{"line":78,"column":15},"end":{"line":78,"column":38}},"47":{"start":{"line":79,"column":4},"end":{"line":81,"column":5}},"48":{"start":{"line":80,"column":6},"end":{"line":80,"column":61}},"49":{"start":{"line":83,"column":29},"end":{"line":83,"column":61}},"50":{"start":{"line":84,"column":4},"end":{"line":86,"column":5}},"51":{"start":{"line":85,"column":6},"end":{"line":85,"column":69}},"52":{"start":{"line":88,"column":20},"end":{"line":88,"column":51}},"53":{"start":{"line":89,"column":4},"end":{"line":91,"column":5}},"54":{"start":{"line":90,"column":6},"end":{"line":90,"column":71}},"55":{"start":{"line":93,"column":4},"end":{"line":93,"column":78}},"56":{"start":{"line":95,"column":4},"end":{"line":95,"column":58}},"57":{"start":{"line":76,"column":13},"end":{"line":76,"column":40}}},"fnMap":{"0":{"name":"(anonymous_0)","decl":{"start":{"line":6,"column":42},"end":{"line":6,"column":47}},"loc":{"start":{"line":6,"column":80},"end":{"line":17,"column":1}}},"1":{"name":"(anonymous_1)","decl":{"start":{"line":20,"column":37},"end":{"line":20,"column":42}},"loc":{"start":{"line":20,"column":76},"end":{"line":30,"column":1}}},"2":{"name":"(anonymous_2)","decl":{"start":{"line":33,"column":41},"end":{"line":33,"column":46}},"loc":{"start":{"line":33,"column":79},"end":{"line":48,"column":1}}},"3":{"name":"(anonymous_3)","decl":{"start":{"line":51,"column":40},"end":{"line":51,"column":45}},"loc":{"start":{"line":51,"column":78},"end":{"line":73,"column":1}}},"4":{"name":"(anonymous_4)","decl":{"start":{"line":76,"column":40},"end":{"line":76,"column":45}},"loc":{"start":{"line":76,"column":78},"end":{"line":97,"column":1}}}},"branchMap":{"0":{"loc":{"start":{"line":11,"column":4},"end":{"line":11,"column":91}},"type":"if","locations":[{"start":{"line":11,"column":4},"end":{"line":11,"column":91}}]},"1":{"loc":{"start":{"line":23,"column":4},"end":{"line":25,"column":5}},"type":"if","locations":[{"start":{"line":23,"column":4},"end":{"line":25,"column":5}}]},"2":{"loc":{"start":{"line":23,"column":8},"end":{"line":23,"column":44}},"type":"binary-expr","locations":[{"start":{"line":23,"column":8},"end":{"line":23,"column":18}},{"start":{"line":23,"column":22},"end":{"line":23,"column":44}}]},"3":{"loc":{"start":{"line":36,"column":4},"end":{"line":38,"column":5}},"type":"if","locations":[{"start":{"line":36,"column":4},"end":{"line":38,"column":5}}]},"4":{"loc":{"start":{"line":41,"column":4},"end":{"line":43,"column":5}},"type":"if","locations":[{"start":{"line":41,"column":4},"end":{"line":43,"column":5}}]},"5":{"loc":{"start":{"line":54,"column":4},"end":{"line":56,"column":5}},"type":"if","locations":[{"start":{"line":54,"column":4},"end":{"line":56,"column":5}}]},"6":{"loc":{"start":{"line":61,"column":4},"end":{"line":63,"column":5}},"type":"if","locations":[{"start":{"line":61,"column":4},"end":{"line":63,"column":5}}]},"7":{"loc":{"start":{"line":66,"column":4},"end":{"line":68,"column":5}},"type":"if","locations":[{"start":{"line":66,"column":4},"end":{"line":68,"column":5}}]},"8":{"loc":{"start":{"line":79,"column":4},"end":{"line":81,"column":5}},"type":"if","locations":[{"start":{"line":79,"column":4},"end":{"line":81,"column":5}}]},"9":{"loc":{"start":{"line":84,"column":4},"end":{"line":86,"column":5}},"type":"if","locations":[{"start":{"line":84,"column":4},"end":{"line":86,"column":5}}]},"10":{"loc":{"start":{"line":89,"column":4},"end":{"line":91,"column":5}},"type":"if","locations":[{"start":{"line":89,"column":4},"end":{"line":91,"column":5}}]}},"s":{"0":1,"1":1,"2":0,"3":0,"4":0,"5":0,"6":0,"7":0,"8":0,"9":1,"10":1,"11":0,"12":0,"13":0,"14":0,"15":0,"16":0,"17":1,"18":1,"19":0,"20":0,"21":0,"22":0,"23":0,"24":0,"25":0,"26":0,"27":0,"28":1,"29":1,"30":0,"31":0,"32":0,"33":0,"34":0,"35":0,"36":0,"37":0,"38":0,"39":0,"40":0,"41":0,"42":0,"43":1,"44":1,"45":0,"46":0,"47":0,"48":0,"49":0,"50":0,"51":0,"52":0,"53":0,"54":0,"55":0,"56":0,"57":1},"f":{"0":0,"1":0,"2":0,"3":0,"4":0},"b":{"0":[0],"1":[0],"2":[0,0],"3":[0],"4":[0],"5":[0],"6":[0],"7":[0],"8":[0],"9":[0],"10":[0]}}
,"C:\\Users\\Administrator\\Desktop\\Car-Rental-Management-System-main\\src\\controllers\\maintenance.controller.ts": {"path":"C:\\Users\\Administrator\\Desktop\\Car-Rental-Management-System-main\\src\\controllers\\maintenance.controller.ts","statementMap":{"0":{"start":{"line":2,"column":0},"end":{"line":2,"column":174}},"1":{"start":{"line":4,"column":45},"end":{"line":12,"column":1}},"2":{"start":{"line":5,"column":2},"end":{"line":11,"column":3}},"3":{"start":{"line":6,"column":30},"end":{"line":6,"column":70}},"4":{"start":{"line":7,"column":4},"end":{"line":7,"column":84}},"5":{"start":{"line":7,"column":28},"end":{"line":7,"column":84}},"6":{"start":{"line":8,"column":4},"end":{"line":8,"column":64}},"7":{"start":{"line":10,"column":4},"end":{"line":10,"column":58}},"8":{"start":{"line":4,"column":13},"end":{"line":4,"column":45}},"9":{"start":{"line":14,"column":40},"end":{"line":24,"column":1}},"10":{"start":{"line":15,"column":2},"end":{"line":23,"column":3}},"11":{"start":{"line":16,"column":25},"end":{"line":16,"column":57}},"12":{"start":{"line":17,"column":4},"end":{"line":19,"column":5}},"13":{"start":{"line":18,"column":6},"end":{"line":18,"column":72}},"14":{"start":{"line":20,"column":4},"end":{"line":20,"column":56}},"15":{"start":{"line":22,"column":4},"end":{"line":22,"column":58}},"16":{"start":{"line":14,"column":13},"end":{"line":14,"column":40}},"17":{"start":{"line":26,"column":44},"end":{"line":38,"column":1}},"18":{"start":{"line":27,"column":2},"end":{"line":37,"column":3}},"19":{"start":{"line":28,"column":15},"end":{"line":28,"column":38}},"20":{"start":{"line":29,"column":4},"end":{"line":29,"column":74}},"21":{"start":{"line":29,"column":19},"end":{"line":29,"column":74}},"22":{"start":{"line":31,"column":24},"end":{"line":31,"column":59}},"23":{"start":{"line":32,"column":4},"end":{"line":32,"column":88}},"24":{"start":{"line":32,"column":22},"end":{"line":32,"column":88}},"25":{"start":{"line":34,"column":4},"end":{"line":34,"column":55}},"26":{"start":{"line":36,"column":4},"end":{"line":36,"column":58}},"27":{"start":{"line":26,"column":13},"end":{"line":26,"column":44}},"28":{"start":{"line":40,"column":43},"end":{"line":52,"column":1}},"29":{"start":{"line":41,"column":2},"end":{"line":51,"column":3}},"30":{"start":{"line":42,"column":15},"end":{"line":42,"column":38}},"31":{"start":{"line":43,"column":4},"end":{"line":43,"column":74}},"32":{"start":{"line":43,"column":19},"end":{"line":43,"column":74}},"33":{"start":{"line":45,"column":20},"end":{"line":45,"column":64}},"34":{"start":{"line":46,"column":4},"end":{"line":46,"column":86}},"35":{"start":{"line":46,"column":18},"end":{"line":46,"column":86}},"36":{"start":{"line":48,"column":4},"end":{"line":48,"column":81}},"37":{"start":{"line":50,"column":4},"end":{"line":50,"column":58}},"38":{"start":{"line":40,"column":13},"end":{"line":40,"column":43}},"39":{"start":{"line":54,"column":43},"end":{"line":69,"column":1}},"40":{"start":{"line":55,"column":2},"end":{"line":68,"column":3}},"41":{"start":{"line":56,"column":15},"end":{"line":56,"column":38}},"42":{"start":{"line":57,"column":4},"end":{"line":57,"column":74}},"43":{"start":{"line":57,"column":19},"end":{"line":57,"column":74}},"44":{"start":{"line":59,"column":21},"end":{"line":59,"column":56}},"45":{"start":{"line":60,"column":4},"end":{"line":60,"column":85}},"46":{"start":{"line":60,"column":19},"end":{"line":60,"column":85}},"47":{"start":{"line":62,"column":20},"end":{"line":62,"column":54}},"48":{"start":{"line":63,"column":4},"end":{"line":63,"column":86}},"49":{"start":{"line":63,"column":18},"end":{"line":63,"column":86}},"50":{"start":{"line":65,"column":4},"end":{"line":65,"column":81}},"51":{"start":{"line":67,"column":4},"end":{"line":67,"column":58}},"52":{"start":{"line":54,"column":13},"end":{"line":54,"column":43}}},"fnMap":{"0":{"name":"(anonymous_0)","decl":{"start":{"line":4,"column":45},"end":{"line":4,"column":50}},"loc":{"start":{"line":4,"column":83},"end":{"line":12,"column":1}}},"1":{"name":"(anonymous_1)","decl":{"start":{"line":14,"column":40},"end":{"line":14,"column":45}},"loc":{"start":{"line":14,"column":79},"end":{"line":24,"column":1}}},"2":{"name":"(anonymous_2)","decl":{"start":{"line":26,"column":44},"end":{"line":26,"column":49}},"loc":{"start":{"line":26,"column":82},"end":{"line":38,"column":1}}},"3":{"name":"(anonymous_3)","decl":{"start":{"line":40,"column":43},"end":{"line":40,"column":48}},"loc":{"start":{"line":40,"column":81},"end":{"line":52,"column":1}}},"4":{"name":"(anonymous_4)","decl":{"start":{"line":54,"column":43},"end":{"line":54,"column":48}},"loc":{"start":{"line":54,"column":81},"end":{"line":69,"column":1}}}},"branchMap":{"0":{"loc":{"start":{"line":7,"column":4},"end":{"line":7,"column":84}},"type":"if","locations":[{"start":{"line":7,"column":4},"end":{"line":7,"column":84}}]},"1":{"loc":{"start":{"line":17,"column":4},"end":{"line":19,"column":5}},"type":"if","locations":[{"start":{"line":17,"column":4},"end":{"line":19,"column":5}}]},"2":{"loc":{"start":{"line":17,"column":8},"end":{"line":17,"column":50}},"type":"binary-expr","locations":[{"start":{"line":17,"column":8},"end":{"line":17,"column":21}},{"start":{"line":17,"column":25},"end":{"line":17,"column":50}}]},"3":{"loc":{"start":{"line":29,"column":4},"end":{"line":29,"column":74}},"type":"if","locations":[{"start":{"line":29,"column":4},"end":{"line":29,"column":74}}]},"4":{"loc":{"start":{"line":32,"column":4},"end":{"line":32,"column":88}},"type":"if","locations":[{"start":{"line":32,"column":4},"end":{"line":32,"column":88}}]},"5":{"loc":{"start":{"line":43,"column":4},"end":{"line":43,"column":74}},"type":"if","locations":[{"start":{"line":43,"column":4},"end":{"line":43,"column":74}}]},"6":{"loc":{"start":{"line":46,"column":4},"end":{"line":46,"column":86}},"type":"if","locations":[{"start":{"line":46,"column":4},"end":{"line":46,"column":86}}]},"7":{"loc":{"start":{"line":57,"column":4},"end":{"line":57,"column":74}},"type":"if","locations":[{"start":{"line":57,"column":4},"end":{"line":57,"column":74}}]},"8":{"loc":{"start":{"line":60,"column":4},"end":{"line":60,"column":85}},"type":"if","locations":[{"start":{"line":60,"column":4},"end":{"line":60,"column":85}}]},"9":{"loc":{"start":{"line":63,"column":4},"end":{"line":63,"column":86}},"type":"if","locations":[{"start":{"line":63,"column":4},"end":{"line":63,"column":86}}]}},"s":{"0":1,"1":1,"2":0,"3":0,"4":0,"5":0,"6":0,"7":0,"8":1,"9":1,"10":0,"11":0,"12":0,"13":0,"14":0,"15":0,"16":1,"17":1,"18":0,"19":0,"20":0,"21":0,"22":0,"23":0,"24":0,"25":0,"26":0,"27":1,"28":1,"29":0,"30":0,"31":0,"32":0,"33":0,"34":0,"35":0,"36":0,"37":0,"38":1,"39":1,"40":0,"41":0,"42":0,"43":0,"44":0,"45":0,"46":0,"47":0,"48":0,"49":0,"50":0,"51":0,"52":1},"f":{"0":0,"1":0,"2":0,"3":0,"4":0},"b":{"0":[0],"1":[0],"2":[0,0],"3":[0],"4":[0],"5":[0],"6":[0],"7":[0],"8":[0],"9":[0]}}
,"C:\\Users\\Administrator\\Desktop\\Car-Rental-Management-System-main\\src\\controllers\\payment.controller.ts": {"path":"C:\\Users\\Administrator\\Desktop\\Car-Rental-Management-System-main\\src\\controllers\\payment.controller.ts","statementMap":{"0":{"start":{"line":2,"column":0},"end":{"line":2,"column":177}},"1":{"start":{"line":4,"column":41},"end":{"line":12,"column":1}},"2":{"start":{"line":5,"column":2},"end":{"line":11,"column":3}},"3":{"start":{"line":6,"column":26},"end":{"line":6,"column":62}},"4":{"start":{"line":7,"column":4},"end":{"line":7,"column":76}},"5":{"start":{"line":7,"column":24},"end":{"line":7,"column":76}},"6":{"start":{"line":8,"column":4},"end":{"line":8,"column":60}},"7":{"start":{"line":10,"column":4},"end":{"line":10,"column":58}},"8":{"start":{"line":4,"column":13},"end":{"line":4,"column":41}},"9":{"start":{"line":14,"column":36},"end":{"line":24,"column":1}},"10":{"start":{"line":15,"column":2},"end":{"line":23,"column":3}},"11":{"start":{"line":16,"column":21},"end":{"line":16,"column":46}},"12":{"start":{"line":17,"column":4},"end":{"line":19,"column":5}},"13":{"start":{"line":18,"column":6},"end":{"line":18,"column":68}},"14":{"start":{"line":20,"column":4},"end":{"line":20,"column":52}},"15":{"start":{"line":22,"column":4},"end":{"line":22,"column":58}},"16":{"start":{"line":14,"column":13},"end":{"line":14,"column":36}},"17":{"start":{"line":26,"column":40},"end":{"line":38,"column":1}},"18":{"start":{"line":27,"column":2},"end":{"line":37,"column":3}},"19":{"start":{"line":28,"column":15},"end":{"line":28,"column":38}},"20":{"start":{"line":29,"column":4},"end":{"line":29,"column":74}},"21":{"start":{"line":29,"column":19},"end":{"line":29,"column":74}},"22":{"start":{"line":31,"column":20},"end":{"line":31,"column":51}},"23":{"start":{"line":32,"column":4},"end":{"line":32,"column":80}},"24":{"start":{"line":32,"column":18},"end":{"line":32,"column":80}},"25":{"start":{"line":34,"column":4},"end":{"line":34,"column":51}},"26":{"start":{"line":36,"column":4},"end":{"line":36,"column":58}},"27":{"start":{"line":26,"column":13},"end":{"line":26,"column":40}},"28":{"start":{"line":40,"column":48},"end":{"line":51,"column":1}},"29":{"start":{"line":41,"column":2},"end":{"line":50,"column":3}},"30":{"start":{"line":42,"column":22},"end":{"line":42,"column":52}},"31":{"start":{"line":43,"column":4},"end":{"line":43,"column":81}},"32":{"start":{"line":43,"column":26},"end":{"line":43,"column":81}},"33":{"start":{"line":45,"column":21},"end":{"line":45,"column":67}},"34":{"start":{"line":46,"column":4},"end":{"line":46,"column":81}},"35":{"start":{"line":46,"column":19},"end":{"line":46,"column":81}},"36":{"start":{"line":47,"column":4},"end":{"line":47,"column":51}},"37":{"start":{"line":49,"column":4},"end":{"line":49,"column":58}},"38":{"start":{"line":40,"column":13},"end":{"line":40,"column":48}},"39":{"start":{"line":53,"column":39},"end":{"line":66,"column":1}},"40":{"start":{"line":54,"column":2},"end":{"line":65,"column":3}},"41":{"start":{"line":55,"column":15},"end":{"line":55,"column":38}},"42":{"start":{"line":56,"column":4},"end":{"line":56,"column":74}},"43":{"start":{"line":56,"column":19},"end":{"line":56,"column":74}},"44":{"start":{"line":58,"column":20},"end":{"line":58,"column":60}},"45":{"start":{"line":60,"column":4},"end":{"line":60,"column":80}},"46":{"start":{"line":60,"column":18},"end":{"line":60,"column":80}},"47":{"start":{"line":62,"column":4},"end":{"line":62,"column":77}},"48":{"start":{"line":64,"column":4},"end":{"line":64,"column":58}},"49":{"start":{"line":53,"column":13},"end":{"line":53,"column":39}},"50":{"start":{"line":69,"column":39},"end":{"line":84,"column":1}},"51":{"start":{"line":70,"column":2},"end":{"line":83,"column":3}},"52":{"start":{"line":71,"column":15},"end":{"line":71,"column":38}},"53":{"start":{"line":72,"column":4},"end":{"line":72,"column":74}},"54":{"start":{"line":72,"column":19},"end":{"line":72,"column":74}},"55":{"start":{"line":74,"column":21},"end":{"line":74,"column":52}},"56":{"start":{"line":75,"column":4},"end":{"line":75,"column":81}},"57":{"start":{"line":75,"column":19},"end":{"line":75,"column":81}},"58":{"start":{"line":77,"column":20},"end":{"line":77,"column":50}},"59":{"start":{"line":78,"column":4},"end":{"line":78,"column":82}},"60":{"start":{"line":78,"column":18},"end":{"line":78,"column":82}},"61":{"start":{"line":80,"column":4},"end":{"line":80,"column":77}},"62":{"start":{"line":82,"column":4},"end":{"line":82,"column":58}},"63":{"start":{"line":69,"column":13},"end":{"line":69,"column":39}}},"fnMap":{"0":{"name":"(anonymous_0)","decl":{"start":{"line":4,"column":41},"end":{"line":4,"column":46}},"loc":{"start":{"line":4,"column":79},"end":{"line":12,"column":1}}},"1":{"name":"(anonymous_1)","decl":{"start":{"line":14,"column":36},"end":{"line":14,"column":41}},"loc":{"start":{"line":14,"column":75},"end":{"line":24,"column":1}}},"2":{"name":"(anonymous_2)","decl":{"start":{"line":26,"column":40},"end":{"line":26,"column":45}},"loc":{"start":{"line":26,"column":78},"end":{"line":38,"column":1}}},"3":{"name":"(anonymous_3)","decl":{"start":{"line":40,"column":48},"end":{"line":40,"column":53}},"loc":{"start":{"line":40,"column":86},"end":{"line":51,"column":1}}},"4":{"name":"(anonymous_4)","decl":{"start":{"line":53,"column":39},"end":{"line":53,"column":44}},"loc":{"start":{"line":53,"column":77},"end":{"line":66,"column":1}}},"5":{"name":"(anonymous_5)","decl":{"start":{"line":69,"column":39},"end":{"line":69,"column":44}},"loc":{"start":{"line":69,"column":77},"end":{"line":84,"column":1}}}},"branchMap":{"0":{"loc":{"start":{"line":7,"column":4},"end":{"line":7,"column":76}},"type":"if","locations":[{"start":{"line":7,"column":4},"end":{"line":7,"column":76}}]},"1":{"loc":{"start":{"line":17,"column":4},"end":{"line":19,"column":5}},"type":"if","locations":[{"start":{"line":17,"column":4},"end":{"line":19,"column":5}}]},"2":{"loc":{"start":{"line":17,"column":8},"end":{"line":17,"column":42}},"type":"binary-expr","locations":[{"start":{"line":17,"column":8},"end":{"line":17,"column":17}},{"start":{"line":17,"column":21},"end":{"line":17,"column":42}}]},"3":{"loc":{"start":{"line":29,"column":4},"end":{"line":29,"column":74}},"type":"if","locations":[{"start":{"line":29,"column":4},"end":{"line":29,"column":74}}]},"4":{"loc":{"start":{"line":32,"column":4},"end":{"line":32,"column":80}},"type":"if","locations":[{"start":{"line":32,"column":4},"end":{"line":32,"column":80}}]},"5":{"loc":{"start":{"line":43,"column":4},"end":{"line":43,"column":81}},"type":"if","locations":[{"start":{"line":43,"column":4},"end":{"line":43,"column":81}}]},"6":{"loc":{"start":{"line":46,"column":4},"end":{"line":46,"column":81}},"type":"if","locations":[{"start":{"line":46,"column":4},"end":{"line":46,"column":81}}]},"7":{"loc":{"start":{"line":56,"column":4},"end":{"line":56,"column":74}},"type":"if","locations":[{"start":{"line":56,"column":4},"end":{"line":56,"column":74}}]},"8":{"loc":{"start":{"line":60,"column":4},"end":{"line":60,"column":80}},"type":"if","locations":[{"start":{"line":60,"column":4},"end":{"line":60,"column":80}}]},"9":{"loc":{"start":{"line":72,"column":4},"end":{"line":72,"column":74}},"type":"if","locations":[{"start":{"line":72,"column":4},"end":{"line":72,"column":74}}]},"10":{"loc":{"start":{"line":75,"column":4},"end":{"line":75,"column":81}},"type":"if","locations":[{"start":{"line":75,"column":4},"end":{"line":75,"column":81}}]},"11":{"loc":{"start":{"line":78,"column":4},"end":{"line":78,"column":82}},"type":"if","locations":[{"start":{"line":78,"column":4},"end":{"line":78,"column":82}}]}},"s":{"0":1,"1":1,"2":0,"3":0,"4":0,"5":0,"6":0,"7":0,"8":1,"9":1,"10":0,"11":0,"12":0,"13":0,"14":0,"15":0,"16":1,"17":1,"18":0,"19":0,"20":0,"21":0,"22":0,"23":0,"24":0,"25":0,"26":0,"27":1,"28":1,"29":0,"30":0,"31":0,"32":0,"33":0,"34":0,"35":0,"36":0,"37":0,"38":1,"39":1,"40":0,"41":0,"42":0,"43":0,"44":0,"45":0,"46":0,"47":0,"48":0,"49":1,"50":1,"51":0,"52":0,"53":0,"54":0,"55":0,"56":0,"57":0,"58":0,"59":0,"60":0,"61":0,"62":0,"63":1},"f":{"0":0,"1":0,"2":0,"3":0,"4":0,"5":0},"b":{"0":[0],"1":[0],"2":[0,0],"3":[0],"4":[0],"5":[0],"6":[0],"7":[0],"8":[0],"9":[0],"10":[0],"11":[0]}}
,"C:\\Users\\Administrator\\Desktop\\Car-Rental-Management-System-main\\src\\controllers\\reservation.controller.ts": {"path":"C:\\Users\\Administrator\\Desktop\\Car-Rental-Management-System-main\\src\\controllers\\reservation.controller.ts","statementMap":{"0":{"start":{"line":2,"column":0},"end":{"line":2,"column":207}},"1":{"start":{"line":4,"column":43},"end":{"line":13,"column":1}},"2":{"start":{"line":5,"column":2},"end":{"line":12,"column":3}},"3":{"start":{"line":6,"column":24},"end":{"line":6,"column":32}},"4":{"start":{"line":7,"column":20},"end":{"line":7,"column":63}},"5":{"start":{"line":8,"column":4},"end":{"line":8,"column":74}},"6":{"start":{"line":8,"column":18},"end":{"line":8,"column":74}},"7":{"start":{"line":9,"column":4},"end":{"line":9,"column":93}},"8":{"start":{"line":11,"column":4},"end":{"line":11,"column":58}},"9":{"start":{"line":4,"column":13},"end":{"line":4,"column":43}},"10":{"start":{"line":15,"column":40},"end":{"line":25,"column":1}},"11":{"start":{"line":16,"column":2},"end":{"line":24,"column":3}},"12":{"start":{"line":17,"column":25},"end":{"line":17,"column":54}},"13":{"start":{"line":18,"column":4},"end":{"line":20,"column":5}},"14":{"start":{"line":19,"column":6},"end":{"line":19,"column":72}},"15":{"start":{"line":21,"column":4},"end":{"line":21,"column":56}},"16":{"start":{"line":23,"column":4},"end":{"line":23,"column":58}},"17":{"start":{"line":15,"column":13},"end":{"line":15,"column":40}},"18":{"start":{"line":27,"column":44},"end":{"line":38,"column":1}},"19":{"start":{"line":28,"column":2},"end":{"line":37,"column":3}},"20":{"start":{"line":29,"column":15},"end":{"line":29,"column":38}},"21":{"start":{"line":30,"column":4},"end":{"line":30,"column":74}},"22":{"start":{"line":30,"column":19},"end":{"line":30,"column":74}},"23":{"start":{"line":32,"column":24},"end":{"line":32,"column":59}},"24":{"start":{"line":33,"column":4},"end":{"line":33,"column":88}},"25":{"start":{"line":33,"column":22},"end":{"line":33,"column":88}},"26":{"start":{"line":34,"column":4},"end":{"line":34,"column":55}},"27":{"start":{"line":36,"column":4},"end":{"line":36,"column":58}},"28":{"start":{"line":27,"column":13},"end":{"line":27,"column":44}},"29":{"start":{"line":40,"column":53},"end":{"line":51,"column":1}},"30":{"start":{"line":41,"column":2},"end":{"line":50,"column":3}},"31":{"start":{"line":42,"column":23},"end":{"line":42,"column":54}},"32":{"start":{"line":43,"column":4},"end":{"line":43,"column":82}},"33":{"start":{"line":43,"column":27},"end":{"line":43,"column":82}},"34":{"start":{"line":45,"column":25},"end":{"line":45,"column":77}},"35":{"start":{"line":46,"column":4},"end":{"line":46,"column":89}},"36":{"start":{"line":46,"column":23},"end":{"line":46,"column":89}},"37":{"start":{"line":47,"column":4},"end":{"line":47,"column":56}},"38":{"start":{"line":49,"column":4},"end":{"line":49,"column":58}},"39":{"start":{"line":40,"column":13},"end":{"line":40,"column":53}},"40":{"start":{"line":53,"column":43},"end":{"line":69,"column":1}},"41":{"start":{"line":54,"column":2},"end":{"line":68,"column":3}},"42":{"start":{"line":55,"column":15},"end":{"line":55,"column":38}},"43":{"start":{"line":56,"column":4},"end":{"line":56,"column":74}},"44":{"start":{"line":56,"column":19},"end":{"line":56,"column":74}},"45":{"start":{"line":58,"column":24},"end":{"line":58,"column":32}},"46":{"start":{"line":59,"column":21},"end":{"line":59,"column":56}},"47":{"start":{"line":60,"column":4},"end":{"line":60,"column":85}},"48":{"start":{"line":60,"column":19},"end":{"line":60,"column":85}},"49":{"start":{"line":62,"column":20},"end":{"line":62,"column":67}},"50":{"start":{"line":63,"column":4},"end":{"line":63,"column":86}},"51":{"start":{"line":63,"column":18},"end":{"line":63,"column":86}},"52":{"start":{"line":65,"column":4},"end":{"line":65,"column":81}},"53":{"start":{"line":67,"column":4},"end":{"line":67,"column":58}},"54":{"start":{"line":53,"column":13},"end":{"line":53,"column":43}},"55":{"start":{"line":71,"column":43},"end":{"line":86,"column":1}},"56":{"start":{"line":72,"column":2},"end":{"line":85,"column":3}},"57":{"start":{"line":73,"column":15},"end":{"line":73,"column":38}},"58":{"start":{"line":74,"column":4},"end":{"line":74,"column":74}},"59":{"start":{"line":74,"column":19},"end":{"line":74,"column":74}},"60":{"start":{"line":76,"column":21},"end":{"line":76,"column":56}},"61":{"start":{"line":77,"column":4},"end":{"line":77,"column":85}},"62":{"start":{"line":77,"column":19},"end":{"line":77,"column":85}},"63":{"start":{"line":79,"column":20},"end":{"line":79,"column":54}},"64":{"start":{"line":80,"column":4},"end":{"line":80,"column":86}},"65":{"start":{"line":80,"column":18},"end":{"line":80,"column":86}},"66":{"start":{"line":82,"column":4},"end":{"line":82,"column":81}},"67":{"start":{"line":84,"column":4},"end":{"line":84,"column":58}},"68":{"start":{"line":71,"column":13},"end":{"line":71,"column":43}}},"fnMap":{"0":{"name":"(anonymous_0)","decl":{"start":{"line":4,"column":43},"end":{"line":4,"column":48}},"loc":{"start":{"line":4,"column":81},"end":{"line":13,"column":1}}},"1":{"name":"(anonymous_1)","decl":{"start":{"line":15,"column":40},"end":{"line":15,"column":45}},"loc":{"start":{"line":15,"column":78},"end":{"line":25,"column":1}}},"2":{"name":"(anonymous_2)","decl":{"start":{"line":27,"column":44},"end":{"line":27,"column":49}},"loc":{"start":{"line":27,"column":82},"end":{"line":38,"column":1}}},"3":{"name":"(anonymous_3)","decl":{"start":{"line":40,"column":53},"end":{"line":40,"column":58}},"loc":{"start":{"line":40,"column":91},"end":{"line":51,"column":1}}},"4":{"name":"(anonymous_4)","decl":{"start":{"line":53,"column":43},"end":{"line":53,"column":48}},"loc":{"start":{"line":53,"column":81},"end":{"line":69,"column":1}}},"5":{"name":"(anonymous_5)","decl":{"start":{"line":71,"column":43},"end":{"line":71,"column":48}},"loc":{"start":{"line":71,"column":81},"end":{"line":86,"column":1}}}},"branchMap":{"0":{"loc":{"start":{"line":8,"column":4},"end":{"line":8,"column":74}},"type":"if","locations":[{"start":{"line":8,"column":4},"end":{"line":8,"column":74}}]},"1":{"loc":{"start":{"line":18,"column":4},"end":{"line":20,"column":5}},"type":"if","locations":[{"start":{"line":18,"column":4},"end":{"line":20,"column":5}}]},"2":{"loc":{"start":{"line":18,"column":8},"end":{"line":18,"column":50}},"type":"binary-expr","locations":[{"start":{"line":18,"column":8},"end":{"line":18,"column":21}},{"start":{"line":18,"column":25},"end":{"line":18,"column":50}}]},"3":{"loc":{"start":{"line":30,"column":4},"end":{"line":30,"column":74}},"type":"if","locations":[{"start":{"line":30,"column":4},"end":{"line":30,"column":74}}]},"4":{"loc":{"start":{"line":33,"column":4},"end":{"line":33,"column":88}},"type":"if","locations":[{"start":{"line":33,"column":4},"end":{"line":33,"column":88}}]},"5":{"loc":{"start":{"line":43,"column":4},"end":{"line":43,"column":82}},"type":"if","locations":[{"start":{"line":43,"column":4},"end":{"line":43,"column":82}}]},"6":{"loc":{"start":{"line":46,"column":4},"end":{"line":46,"column":89}},"type":"if","locations":[{"start":{"line":46,"column":4},"end":{"line":46,"column":89}}]},"7":{"loc":{"start":{"line":56,"column":4},"end":{"line":56,"column":74}},"type":"if","locations":[{"start":{"line":56,"column":4},"end":{"line":56,"column":74}}]},"8":{"loc":{"start":{"line":60,"column":4},"end":{"line":60,"column":85}},"type":"if","locations":[{"start":{"line":60,"column":4},"end":{"line":60,"column":85}}]},"9":{"loc":{"start":{"line":63,"column":4},"end":{"line":63,"column":86}},"type":"if","locations":[{"start":{"line":63,"column":4},"end":{"line":63,"column":86}}]},"10":{"loc":{"start":{"line":74,"column":4},"end":{"line":74,"column":74}},"type":"if","locations":[{"start":{"line":74,"column":4},"end":{"line":74,"column":74}}]},"11":{"loc":{"start":{"line":77,"column":4},"end":{"line":77,"column":85}},"type":"if","locations":[{"start":{"line":77,"column":4},"end":{"line":77,"column":85}}]},"12":{"loc":{"start":{"line":80,"column":4},"end":{"line":80,"column":86}},"type":"if","locations":[{"start":{"line":80,"column":4},"end":{"line":80,"column":86}}]}},"s":{"0":1,"1":1,"2":0,"3":0,"4":0,"5":0,"6":0,"7":0,"8":0,"9":1,"10":1,"11":0,"12":0,"13":0,"14":0,"15":0,"16":0,"17":1,"18":1,"19":0,"20":0,"21":0,"22":0,"23":0,"24":0,"25":0,"26":0,"27":0,"28":1,"29":1,"30":0,"31":0,"32":0,"33":0,"34":0,"35":0,"36":0,"37":0,"38":0,"39":1,"40":1,"41":0,"42":0,"43":0,"44":0,"45":0,"46":0,"47":0,"48":0,"49":0,"50":0,"51":0,"52":0,"53":0,"54":1,"55":1,"56":0,"57":0,"58":0,"59":0,"60":0,"61":0,"62":0,"63":0,"64":0,"65":0,"66":0,"67":0,"68":1},"f":{"0":0,"1":0,"2":0,"3":0,"4":0,"5":0},"b":{"0":[0],"1":[0],"2":[0,0],"3":[0],"4":[0],"5":[0],"6":[0],"7":[0],"8":[0],"9":[0],"10":[0],"11":[0],"12":[0]}}
,"C:\\Users\\Administrator\\Desktop\\Car-Rental-Management-System-main\\src\\services\\auth.service.ts": {"path":"C:\\Users\\Administrator\\Desktop\\Car-Rental-Management-System-main\\src\\services\\auth.service.ts","statementMap":{"0":{"start":{"line":1,"column":0},"end":{"line":1,"column":34}},"1":{"start":{"line":2,"column":0},"end":{"line":2,"column":33}},"2":{"start":{"line":3,"column":0},"end":{"line":3,"column":31}},"3":{"start":{"line":4,"column":0},"end":{"line":4,"column":74}},"4":{"start":{"line":7,"column":37},"end":{"line":10,"column":1}},"5":{"start":{"line":8,"column":4},"end":{"line":8,"column":48}},"6":{"start":{"line":9,"column":4},"end":{"line":9,"column":41}},"7":{"start":{"line":7,"column":13},"end":{"line":7,"column":37}},"8":{"start":{"line":12,"column":37},"end":{"line":16,"column":1}},"9":{"start":{"line":13,"column":4},"end":{"line":15,"column":55}},"10":{"start":{"line":12,"column":13},"end":{"line":12,"column":37}},"11":{"start":{"line":18,"column":36},"end":{"line":31,"column":1}},"12":{"start":{"line":19,"column":22},"end":{"line":19,"column":30}},"13":{"start":{"line":21,"column":4},"end":{"line":30,"column":null}},"14":{"start":{"line":18,"column":13},"end":{"line":18,"column":36}},"15":{"start":{"line":33,"column":34},"end":{"line":36,"column":1}},"16":{"start":{"line":34,"column":22},"end":{"line":34,"column":61}},"17":{"start":{"line":35,"column":4},"end":{"line":35,"column":21}},"18":{"start":{"line":33,"column":13},"end":{"line":33,"column":34}},"19":{"start":{"line":39,"column":38},"end":{"line":44,"column":1}},"20":{"start":{"line":40,"column":21},"end":{"line":42,"column":6}},"21":{"start":{"line":43,"column":4},"end":{"line":43,"column":20}},"22":{"start":{"line":39,"column":13},"end":{"line":39,"column":38}},"23":{"start":{"line":46,"column":41},"end":{"line":50,"column":1}},"24":{"start":{"line":47,"column":4},"end":{"line":49,"column":7}},"25":{"start":{"line":46,"column":13},"end":{"line":46,"column":41}},"26":{"start":{"line":53,"column":37},"end":{"line":56,"column":1}},"27":{"start":{"line":54,"column":4},"end":{"line":54,"column":101}},"28":{"start":{"line":55,"column":4},"end":{"line":55,"column":43}},"29":{"start":{"line":53,"column":13},"end":{"line":53,"column":37}},"30":{"start":{"line":59,"column":37},"end":{"line":62,"column":1}},"31":{"start":{"line":60,"column":4},"end":{"line":60,"column":87}},"32":{"start":{"line":61,"column":4},"end":{"line":61,"column":43}},"33":{"start":{"line":59,"column":13},"end":{"line":59,"column":37}},"34":{"start":{"line":64,"column":57},"end":{"line":85,"column":1}},"35":{"start":{"line":65,"column":4},"end":{"line":84,"column":7}},"36":{"start":{"line":64,"column":13},"end":{"line":64,"column":57}},"37":{"start":{"line":87,"column":61},"end":{"line":107,"column":1}},"38":{"start":{"line":88,"column":4},"end":{"line":106,"column":7}},"39":{"start":{"line":87,"column":13},"end":{"line":87,"column":61}}},"fnMap":{"0":{"name":"(anonymous_1)","decl":{"start":{"line":7,"column":37},"end":{"line":7,"column":42}},"loc":{"start":{"line":7,"column":64},"end":{"line":10,"column":1}}},"1":{"name":"(anonymous_2)","decl":{"start":{"line":12,"column":37},"end":{"line":12,"column":42}},"loc":{"start":{"line":12,"column":61},"end":{"line":16,"column":1}}},"2":{"name":"(anonymous_3)","decl":{"start":{"line":18,"column":36},"end":{"line":18,"column":41}},"loc":{"start":{"line":18,"column":67},"end":{"line":31,"column":1}}},"3":{"name":"(anonymous_4)","decl":{"start":{"line":33,"column":34},"end":{"line":33,"column":39}},"loc":{"start":{"line":33,"column":45},"end":{"line":36,"column":1}}},"4":{"name":"(anonymous_5)","decl":{"start":{"line":39,"column":38},"end":{"line":39,"column":43}},"loc":{"start":{"line":39,"column":59},"end":{"line":44,"column":1}}},"5":{"name":"(anonymous_6)","decl":{"start":{"line":46,"column":41},"end":{"line":46,"column":46}},"loc":{"start":{"line":46,"column":65},"end":{"line":50,"column":1}}},"6":{"name":"(anonymous_7)","decl":{"start":{"line":53,"column":37},"end":{"line":53,"column":42}},"loc":{"start":{"line":53,"column":80},"end":{"line":56,"column":1}}},"7":{"name":"(anonymous_8)","decl":{"start":{"line":59,"column":37},"end":{"line":59,"column":42}},"loc":{"start":{"line":59,"column":58},"end":{"line":62,"column":1}}},"8":{"name":"(anonymous_9)","decl":{"start":{"line":64,"column":57},"end":{"line":64,"column":62}},"loc":{"start":{"line":64,"column":78},"end":{"line":85,"column":1}}},"9":{"name":"(anonymous_10)","decl":{"start":{"line":87,"column":61},"end":{"line":87,"column":66}},"loc":{"start":{"line":87,"column":72},"end":{"line":107,"column":1}}}},"branchMap":{},"s":{"0":1,"1":1,"2":1,"3":1,"4":1,"5":0,"6":0,"7":1,"8":1,"9":0,"10":1,"11":1,"12":0,"13":0,"14":1,"15":1,"16":0,"17":0,"18":1,"19":1,"20":0,"21":0,"22":1,"23":1,"24":0,"25":1,"26":1,"27":0,"28":0,"29":1,"30":1,"31":0,"32":0,"33":1,"34":1,"35":1,"36":1,"37":1,"38":1,"39":1},"f":{"0":0,"1":0,"2":0,"3":0,"4":0,"5":0,"6":0,"7":0,"8":1,"9":1},"b":{}}
[...]
,"C:\\Users\\Administrator\\Desktop\\Car-Rental-Management-System-main\\src\\services\\car.service.ts": {"path":"C:\\Users\\Administrator\\Desktop\\Car-Rental-Management-System-main\\src\\services\\car.service.ts","statementMap":{"0":{"start":{"line":1,"column":0},"end":{"line":1,"column":33}},"1":{"start":{"line":2,"column":0},"end":{"line":2,"column":31}},"2":{"start":{"line":3,"column":0},"end":{"line":3,"column":52}},"3":{"start":{"line":5,"column":32},"end":{"line":13,"column":1}},"4":{"start":{"line":6,"column":19},"end":{"line":6,"column":68}},"5":{"start":{"line":8,"column":2},"end":{"line":10,"column":3}},"6":{"start":{"line":9,"column":4},"end":{"line":9,"column":16}},"7":{"start":{"line":12,"column":2},"end":{"line":12,"column":34}},"8":{"start":{"line":5,"column":13},"end":{"line":5,"column":32}},"9":{"start":{"line":15,"column":29},"end":{"line":18,"column":1}},"10":{"start":{"line":16,"column":15},"end":{"line":16,"column":47}},"11":{"start":{"line":17,"column":2},"end":{"line":17,"column":14}},"12":{"start":{"line":15,"column":13},"end":{"line":15,"column":29}},"13":{"start":{"line":20,"column":33},"end":{"line":25,"column":1}},"14":{"start":{"line":21,"column":14},"end":{"line":23,"column":4}},"15":{"start":{"line":24,"column":2},"end":{"line":24,"column":13}},"16":{"start":{"line":20,"column":13},"end":{"line":20,"column":33}},"17":{"start":{"line":27,"column":32},"end":{"line":30,"column":1}},"18":{"start":{"line":28,"column":2},"end":{"line":28,"column":79}},"19":{"start":{"line":29,"column":2},"end":{"line":29,"column":36}},"20":{"start":{"line":27,"column":13},"end":{"line":27,"column":32}},"21":{"start":{"line":32,"column":32},"end":{"line":35,"column":1}},"22":{"start":{"line":33,"column":21},"end":{"line":33,"column":88}},"23":{"start":{"line":34,"column":2},"end":{"line":34,"column":23}},"24":{"start":{"line":32,"column":13},"end":{"line":32,"column":32}}},"fnMap":{"0":{"name":"(anonymous_1)","decl":{"start":{"line":5,"column":32},"end":{"line":5,"column":37}},"loc":{"start":{"line":5,"column":53},"end":{"line":13,"column":1}}},"1":{"name":"(anonymous_2)","decl":{"start":{"line":15,"column":29},"end":{"line":15,"column":34}},"loc":{"start":{"line":15,"column":40},"end":{"line":18,"column":1}}},"2":{"name":"(anonymous_3)","decl":{"start":{"line":20,"column":33},"end":{"line":20,"column":38}},"loc":{"start":{"line":20,"column":54},"end":{"line":25,"column":1}}},"3":{"name":"(anonymous_4)","decl":{"start":{"line":27,"column":32},"end":{"line":27,"column":37}},"loc":{"start":{"line":27,"column":65},"end":{"line":30,"column":1}}},"4":{"name":"(anonymous_5)","decl":{"start":{"line":32,"column":32},"end":{"line":32,"column":37}},"loc":{"start":{"line":32,"column":53},"end":{"line":35,"column":1}}}},"branchMap":{"0":{"loc":{"start":{"line":8,"column":2},"end":{"line":10,"column":3}},"type":"if","locations":[{"start":{"line":8,"column":2},"end":{"line":10,"column":3}}]},"1":{"loc":{"start":{"line":8,"column":6},"end":{"line":8,"column":40}},"type":"binary-expr","locations":[{"start":{"line":8,"column":6},"end":{"line":8,"column":15}},{"start":{"line":8,"column":19},"end":{"line":8,"column":40}}]}},"s":{"0":1,"1":1,"2":1,"3":1,"4":0,"5":0,"6":0,"7":0,"8":1,"9":1,"10":0,"11":0,"12":1,"13":1,"14":0,"15":0,"16":1,"17":1,"18":0,"19":0,"20":1,"21":1,"22":0,"23":0,"24":1},"f":{"0":0,"1":0,"2":0,"3":0,"4":0},"b":{"0":[0],"1":[0,0]}}
,"C:\\Users\\Administrator\\Desktop\\Car-Rental-Management-System-main\\src\\services\\insurance.service.ts": {"path":"C:\\Users\\Administrator\\Desktop\\Car-Rental-Management-System-main\\src\\services\\insurance.service.ts","statementMap":{"0":{"start":{"line":1,"column":0},"end":{"line":1,"column":33}},"1":{"start":{"line":2,"column":0},"end":{"line":2,"column":31}},"2":{"start":{"line":3,"column":0},"end":{"line":3,"column":64}},"3":{"start":{"line":5,"column":38},"end":{"line":8,"column":1}},"4":{"start":{"line":6,"column":2},"end":{"line":6,"column":64}},"5":{"start":{"line":7,"column":2},"end":{"line":7,"column":40}},"6":{"start":{"line":5,"column":13},"end":{"line":5,"column":38}},"7":{"start":{"line":10,"column":35},"end":{"line":13,"column":1}},"8":{"start":{"line":11,"column":21},"end":{"line":11,"column":59}},"9":{"start":{"line":12,"column":2},"end":{"line":12,"column":20}},"10":{"start":{"line":10,"column":13},"end":{"line":10,"column":35}},"11":{"start":{"line":15,"column":39},"end":{"line":20,"column":1}},"12":{"start":{"line":16,"column":20},"end":{"line":18,"column":4}},"13":{"start":{"line":19,"column":2},"end":{"line":19,"column":19}},"14":{"start":{"line":15,"column":13},"end":{"line":15,"column":39}},"15":{"start":{"line":22,"column":38},"end":{"line":25,"column":1}},"16":{"start":{"line":23,"column":2},"end":{"line":23,"column":103}},"17":{"start":{"line":24,"column":2},"end":{"line":24,"column":42}},"18":{"start":{"line":22,"column":13},"end":{"line":22,"column":38}},"19":{"start":{"line":27,"column":38},"end":{"line":30,"column":1}},"20":{"start":{"line":28,"column":18},"end":{"line":28,"column":103}},"21":{"start":{"line":29,"column":2},"end":{"line":29,"column":20}},"22":{"start":{"line":27,"column":13},"end":{"line":27,"column":38}}},"fnMap":{"0":{"name":"(anonymous_1)","decl":{"start":{"line":5,"column":38},"end":{"line":5,"column":43}},"loc":{"start":{"line":5,"column":71},"end":{"line":8,"column":1}}},"1":{"name":"(anonymous_2)","decl":{"start":{"line":10,"column":35},"end":{"line":10,"column":40}},"loc":{"start":{"line":10,"column":46},"end":{"line":13,"column":1}}},"2":{"name":"(anonymous_3)","decl":{"start":{"line":15,"column":39},"end":{"line":15,"column":44}},"loc":{"start":{"line":15,"column":60},"end":{"line":20,"column":1}}},"3":{"name":"(anonymous_4)","decl":{"start":{"line":22,"column":38},"end":{"line":22,"column":43}},"loc":{"start":{"line":22,"column":83},"end":{"line":25,"column":1}}},"4":{"name":"(anonymous_5)","decl":{"start":{"line":27,"column":38},"end":{"line":27,"column":43}},"loc":{"start":{"line":27,"column":59},"end":{"line":30,"column":1}}}},"branchMap":{},"s":{"0":1,"1":1,"2":1,"3":1,"4":0,"5":0,"6":1,"7":1,"8":0,"9":0,"10":1,"11":1,"12":0,"13":0,"14":1,"15":1,"16":0,"17":0,"18":1,"19":1,"20":0,"21":0,"22":1},"f":{"0":0,"1":0,"2":0,"3":0,"4":0},"b":{}}
,"C:\\Users\\Administrator\\Desktop\\Car-Rental-Management-System-main\\src\\services\\location.service.ts": {"path":"C:\\Users\\Administrator\\Desktop\\Car-Rental-Management-System-main\\src\\services\\location.service.ts","statementMap":{"0":{"start":{"line":1,"column":0},"end":{"line":1,"column":33}},"1":{"start":{"line":2,"column":0},"end":{"line":2,"column":31}},"2":{"start":{"line":3,"column":0},"end":{"line":3,"column":62}},"3":{"start":{"line":6,"column":37},"end":{"line":9,"column":1}},"4":{"start":{"line":7,"column":2},"end":{"line":7,"column":62}},"5":{"start":{"line":8,"column":2},"end":{"line":8,"column":40}},"6":{"start":{"line":6,"column":13},"end":{"line":6,"column":37}},"7":{"start":{"line":12,"column":34},"end":{"line":15,"column":1}},"8":{"start":{"line":13,"column":20},"end":{"line":13,"column":57}},"9":{"start":{"line":14,"column":2},"end":{"line":14,"column":19}},"10":{"start":{"line":12,"column":13},"end":{"line":12,"column":34}},"11":{"start":{"line":18,"column":38},"end":{"line":23,"column":1}},"12":{"start":{"line":19,"column":19},"end":{"line":21,"column":4}},"13":{"start":{"line":22,"column":2},"end":{"line":22,"column":18}},"14":{"start":{"line":18,"column":13},"end":{"line":18,"column":38}},"15":{"start":{"line":26,"column":37},"end":{"line":29,"column":1}},"16":{"start":{"line":27,"column":4},"end":{"line":27,"column":101}},"17":{"start":{"line":28,"column":4},"end":{"line":28,"column":43}},"18":{"start":{"line":26,"column":13},"end":{"line":26,"column":37}},"19":{"start":{"line":32,"column":37},"end":{"line":38,"column":1}},"20":{"start":{"line":33,"column":26},"end":{"line":36,"column":16}},"21":{"start":{"line":37,"column":2},"end":{"line":37,"column":28}},"22":{"start":{"line":32,"column":13},"end":{"line":32,"column":37}}},"fnMap":{"0":{"name":"(anonymous_1)","decl":{"start":{"line":6,"column":37},"end":{"line":6,"column":42}},"loc":{"start":{"line":6,"column":68},"end":{"line":9,"column":1}}},"1":{"name":"(anonymous_2)","decl":{"start":{"line":12,"column":34},"end":{"line":12,"column":39}},"loc":{"start":{"line":12,"column":45},"end":{"line":15,"column":1}}},"2":{"name":"(anonymous_3)","decl":{"start":{"line":18,"column":38},"end":{"line":18,"column":43}},"loc":{"start":{"line":18,"column":59},"end":{"line":23,"column":1}}},"3":{"name":"(anonymous_4)","decl":{"start":{"line":26,"column":37},"end":{"line":26,"column":42}},"loc":{"start":{"line":26,"column":80},"end":{"line":29,"column":1}}},"4":{"name":"(anonymous_5)","decl":{"start":{"line":32,"column":37},"end":{"line":32,"column":42}},"loc":{"start":{"line":32,"column":58},"end":{"line":38,"column":1}}}},"branchMap":{},"s":{"0":1,"1":1,"2":1,"3":1,"4":0,"5":0,"6":1,"7":1,"8":0,"9":0,"10":1,"11":1,"12":0,"13":0,"14":1,"15":1,"16":0,"17":0,"18":1,"19":1,"20":0,"21":0,"22":1},"f":{"0":0,"1":0,"2":0,"3":0,"4":0},"b":{}}
,"C:\\Users\\Administrator\\Desktop\\Car-Rental-Management-System-main\\src\\services\\maintenance.service.ts": {"path":"C:\\Users\\Administrator\\Desktop\\Car-Rental-Management-System-main\\src\\services\\maintenance.service.ts","statementMap":{"0":{"start":{"line":1,"column":0},"end":{"line":1,"column":31}},"1":{"start":{"line":2,"column":0},"end":{"line":2,"column":53}},"2":{"start":{"line":3,"column":0},"end":{"line":3,"column":33}},"3":{"start":{"line":5,"column":40},"end":{"line":8,"column":1}},"4":{"start":{"line":6,"column":2},"end":{"line":6,"column":61}},"5":{"start":{"line":7,"column":2},"end":{"line":7,"column":42}},"6":{"start":{"line":5,"column":13},"end":{"line":5,"column":40}},"7":{"start":{"line":10,"column":40},"end":{"line":12,"column":1}},"8":{"start":{"line":11,"column":2},"end":{"line":11,"column":50}},"9":{"start":{"line":10,"column":13},"end":{"line":10,"column":40}},"10":{"start":{"line":14,"column":41},"end":{"line":19,"column":1}},"11":{"start":{"line":15,"column":17},"end":{"line":17,"column":4}},"12":{"start":{"line":18,"column":2},"end":{"line":18,"column":16}},"13":{"start":{"line":14,"column":13},"end":{"line":14,"column":41}},"14":{"start":{"line":21,"column":40},"end":{"line":28,"column":1}},"15":{"start":{"line":22,"column":2},"end":{"line":26,"column":17}},"16":{"start":{"line":27,"column":2},"end":{"line":27,"column":44}},"17":{"start":{"line":21,"column":13},"end":{"line":21,"column":40}},"18":{"start":{"line":30,"column":40},"end":{"line":36,"column":1}},"19":{"start":{"line":31,"column":18},"end":{"line":34,"column":16}},"20":{"start":{"line":35,"column":2},"end":{"line":35,"column":20}},"21":{"start":{"line":30,"column":13},"end":{"line":30,"column":40}}},"fnMap":{"0":{"name":"(anonymous_1)","decl":{"start":{"line":5,"column":40},"end":{"line":5,"column":45}},"loc":{"start":{"line":5,"column":60},"end":{"line":8,"column":1}}},"1":{"name":"(anonymous_2)","decl":{"start":{"line":10,"column":40},"end":{"line":10,"column":45}},"loc":{"start":{"line":10,"column":51},"end":{"line":12,"column":1}}},"2":{"name":"(anonymous_3)","decl":{"start":{"line":14,"column":41},"end":{"line":14,"column":46}},"loc":{"start":{"line":14,"column":62},"end":{"line":19,"column":1}}},"3":{"name":"(anonymous_4)","decl":{"start":{"line":21,"column":40},"end":{"line":21,"column":45}},"loc":{"start":{"line":21,"column":72},"end":{"line":28,"column":1}}},"4":{"name":"(anonymous_5)","decl":{"start":{"line":30,"column":40},"end":{"line":30,"column":45}},"loc":{"start":{"line":30,"column":61},"end":{"line":36,"column":1}}}},"branchMap":{},"s":{"0":1,"1":1,"2":1,"3":1,"4":0,"5":0,"6":1,"7":1,"8":0,"9":1,"10":1,"11":0,"12":0,"13":1,"14":1,"15":0,"16":0,"17":1,"18":1,"19":0,"20":0,"21":1},"f":{"0":0,"1":0,"2":0,"3":0,"4":0},"b":{}}
,"C:\\Users\\Administrator\\Desktop\\Car-Rental-Management-System-main\\src\\services\\payment.service.ts": {"path":"C:\\Users\\Administrator\\Desktop\\Car-Rental-Management-System-main\\src\\services\\payment.service.ts","statementMap":{"0":{"start":{"line":1,"column":0},"end":{"line":1,"column":33}},"1":{"start":{"line":2,"column":0},"end":{"line":2,"column":31}},"2":{"start":{"line":3,"column":0},"end":{"line":3,"column":60}},"3":{"start":{"line":5,"column":36},"end":{"line":8,"column":1}},"4":{"start":{"line":6,"column":2},"end":{"line":6,"column":60}},"5":{"start":{"line":7,"column":2},"end":{"line":7,"column":38}},"6":{"start":{"line":5,"column":13},"end":{"line":5,"column":36}},"7":{"start":{"line":10,"column":33},"end":{"line":13,"column":1}},"8":{"start":{"line":11,"column":19},"end":{"line":11,"column":55}},"9":{"start":{"line":12,"column":2},"end":{"line":12,"column":18}},"10":{"start":{"line":10,"column":13},"end":{"line":10,"column":33}},"11":{"start":{"line":15,"column":37},"end":{"line":20,"column":1}},"12":{"start":{"line":16,"column":18},"end":{"line":18,"column":4}},"13":{"start":{"line":19,"column":2},"end":{"line":19,"column":17}},"14":{"start":{"line":15,"column":13},"end":{"line":15,"column":37}},"15":{"start":{"line":22,"column":45},"end":{"line":27,"column":1}},"16":{"start":{"line":23,"column":19},"end":{"line":25,"column":4}},"17":{"start":{"line":26,"column":2},"end":{"line":26,"column":18}},"18":{"start":{"line":22,"column":13},"end":{"line":22,"column":45}},"19":{"start":{"line":29,"column":36},"end":{"line":41,"column":1}},"20":{"start":{"line":30,"column":17},"end":{"line":34,"column":16}},"21":{"start":{"line":36,"column":2},"end":{"line":38,"column":3}},"22":{"start":{"line":37,"column":4},"end":{"line":37,"column":16}},"23":{"start":{"line":40,"column":2},"end":{"line":40,"column":19}},"24":{"start":{"line":29,"column":13},"end":{"line":29,"column":36}},"25":{"start":{"line":44,"column":36},"end":{"line":47,"column":1}},"26":{"start":{"line":45,"column":18},"end":{"line":45,"column":97}},"27":{"start":{"line":46,"column":2},"end":{"line":46,"column":20}},"28":{"start":{"line":44,"column":13},"end":{"line":44,"column":36}}},"fnMap":{"0":{"name":"(anonymous_1)","decl":{"start":{"line":5,"column":36},"end":{"line":5,"column":41}},"loc":{"start":{"line":5,"column":65},"end":{"line":8,"column":1}}},"1":{"name":"(anonymous_2)","decl":{"start":{"line":10,"column":33},"end":{"line":10,"column":38}},"loc":{"start":{"line":10,"column":44},"end":{"line":13,"column":1}}},"2":{"name":"(anonymous_3)","decl":{"start":{"line":15,"column":37},"end":{"line":15,"column":42}},"loc":{"start":{"line":15,"column":58},"end":{"line":20,"column":1}}},"3":{"name":"(anonymous_4)","decl":{"start":{"line":22,"column":45},"end":{"line":22,"column":50}},"loc":{"start":{"line":22,"column":73},"end":{"line":27,"column":1}}},"4":{"name":"(anonymous_5)","decl":{"start":{"line":29,"column":36},"end":{"line":29,"column":41}},"loc":{"start":{"line":29,"column":77},"end":{"line":41,"column":1}}},"5":{"name":"(anonymous_6)","decl":{"start":{"line":44,"column":36},"end":{"line":44,"column":41}},"loc":{"start":{"line":44,"column":57},"end":{"line":47,"column":1}}}},"branchMap":{"0":{"loc":{"start":{"line":36,"column":2},"end":{"line":38,"column":3}},"type":"if","locations":[{"start":{"line":36,"column":2},"end":{"line":38,"column":3}}]}},"s":{"0":1,"1":1,"2":1,"3":1,"4":0,"5":0,"6":1,"7":1,"8":0,"9":0,"10":1,"11":1,"12":0,"13":0,"14":1,"15":1,"16":0,"17":0,"18":1,"19":1,"20":0,"21":0,"22":0,"23":0,"24":1,"25":1,"26":0,"27":0,"28":1},"f":{"0":0,"1":0,"2":0,"3":0,"4":0,"5":0},"b":{"0":[0]}}
,"C:\\Users\\Administrator\\Desktop\\Car-Rental-Management-System-main\\src\\services\\reservation.service.ts": {"path":"C:\\Users\\Administrator\\Desktop\\Car-Rental-Management-System-main\\src\\services\\reservation.service.ts","statementMap":{"0":{"start":{"line":1,"column":0},"end":{"line":1,"column":33}},"1":{"start":{"line":2,"column":0},"end":{"line":2,"column":31}},"2":{"start":{"line":3,"column":0},"end":{"line":3,"column":68}},"3":{"start":{"line":5,"column":40},"end":{"line":8,"column":1}},"4":{"start":{"line":6,"column":20},"end":{"line":6,"column":85}},"5":{"start":{"line":7,"column":2},"end":{"line":7,"column":17}},"6":{"start":{"line":5,"column":13},"end":{"line":5,"column":40}},"7":{"start":{"line":10,"column":37},"end":{"line":13,"column":1}},"8":{"start":{"line":11,"column":23},"end":{"line":11,"column":63}},"9":{"start":{"line":12,"column":2},"end":{"line":12,"column":22}},"10":{"start":{"line":10,"column":13},"end":{"line":10,"column":37}},"11":{"start":{"line":15,"column":41},"end":{"line":20,"column":1}},"12":{"start":{"line":16,"column":22},"end":{"line":18,"column":4}},"13":{"start":{"line":19,"column":2},"end":{"line":19,"column":21}},"14":{"start":{"line":15,"column":13},"end":{"line":15,"column":41}},"15":{"start":{"line":22,"column":50},"end":{"line":27,"column":1}},"16":{"start":{"line":23,"column":23},"end":{"line":25,"column":4}},"17":{"start":{"line":26,"column":2},"end":{"line":26,"column":22}},"18":{"start":{"line":22,"column":13},"end":{"line":22,"column":50}},"19":{"start":{"line":29,"column":40},"end":{"line":32,"column":1}},"20":{"start":{"line":30,"column":2},"end":{"line":30,"column":111}},"21":{"start":{"line":31,"column":2},"end":{"line":31,"column":44}},"22":{"start":{"line":29,"column":13},"end":{"line":29,"column":40}},"23":{"start":{"line":34,"column":40},"end":{"line":37,"column":1}},"24":{"start":{"line":35,"column":18},"end":{"line":35,"column":109}},"25":{"start":{"line":36,"column":2},"end":{"line":36,"column":20}},"26":{"start":{"line":34,"column":13},"end":{"line":34,"column":40}}},"fnMap":{"0":{"name":"(anonymous_1)","decl":{"start":{"line":5,"column":40},"end":{"line":5,"column":45}},"loc":{"start":{"line":5,"column":77},"end":{"line":8,"column":1}}},"1":{"name":"(anonymous_2)","decl":{"start":{"line":10,"column":37},"end":{"line":10,"column":42}},"loc":{"start":{"line":10,"column":48},"end":{"line":13,"column":1}}},"2":{"name":"(anonymous_3)","decl":{"start":{"line":15,"column":41},"end":{"line":15,"column":46}},"loc":{"start":{"line":15,"column":62},"end":{"line":20,"column":1}}},"3":{"name":"(anonymous_4)","decl":{"start":{"line":22,"column":50},"end":{"line":22,"column":55}},"loc":{"start":{"line":22,"column":79},"end":{"line":27,"column":1}}},"4":{"name":"(anonymous_5)","decl":{"start":{"line":29,"column":40},"end":{"line":29,"column":45}},"loc":{"start":{"line":29,"column":89},"end":{"line":32,"column":1}}},"5":{"name":"(anonymous_6)","decl":{"start":{"line":34,"column":40},"end":{"line":34,"column":45}},"loc":{"start":{"line":34,"column":61},"end":{"line":37,"column":1}}}},"branchMap":{},"s":{"0":1,"1":1,"2":1,"3":1,"4":0,"5":0,"6":1,"7":1,"8":0,"9":0,"10":1,"11":1,"12":0,"13":0,"14":1,"15":1,"16":0,"17":0,"18":1,"19":1,"20":0,"21":0,"22":1,"23":1,"24":0,"25":0,"26":1},"f":{"0":0,"1":0,"2":0,"3":0,"4":0,"5":0},"b":{}}
}
